2015/05/18 22:54:52 [warning] [application] Failed to set unsafe attribute "kode_berita" of "Berita".
in C:\xampp\htdocs\tmc\protected\controllers\BeritaController.php (72)
in C:\xampp\htdocs\tmc\index.php (13)
2015/05/18 22:54:52 [warning] [application] Failed to set unsafe attribute "foto" of "Berita".
in C:\xampp\htdocs\tmc\protected\controllers\BeritaController.php (72)
in C:\xampp\htdocs\tmc\index.php (13)
2015/05/18 22:54:53 [warning] [application] Failed to set unsafe attribute "kode_berita" of "Berita".
in C:\xampp\htdocs\tmc\protected\controllers\BeritaController.php (72)
in C:\xampp\htdocs\tmc\index.php (13)
2015/05/18 22:54:53 [warning] [application] Failed to set unsafe attribute "foto" of "Berita".
in C:\xampp\htdocs\tmc\protected\controllers\BeritaController.php (72)
in C:\xampp\htdocs\tmc\index.php (13)
2015/05/18 22:54:57 [warning] [application] Failed to set unsafe attribute "kode_berita" of "Berita".
in C:\xampp\htdocs\tmc\protected\controllers\BeritaController.php (72)
in C:\xampp\htdocs\tmc\index.php (13)
2015/05/18 22:54:57 [warning] [application] Failed to set unsafe attribute "foto" of "Berita".
in C:\xampp\htdocs\tmc\protected\controllers\BeritaController.php (72)
in C:\xampp\htdocs\tmc\index.php (13)
2015/05/18 22:55:03 [warning] [application] Failed to set unsafe attribute "kode_berita" of "Berita".
in C:\xampp\htdocs\tmc\protected\controllers\BeritaController.php (72)
in C:\xampp\htdocs\tmc\index.php (13)
2015/05/18 22:55:03 [warning] [application] Failed to set unsafe attribute "foto" of "Berita".
in C:\xampp\htdocs\tmc\protected\controllers\BeritaController.php (72)
in C:\xampp\htdocs\tmc\index.php (13)
2015/05/18 22:55:06 [warning] [application] Failed to set unsafe attribute "kode_berita" of "Berita".
in C:\xampp\htdocs\tmc\protected\controllers\BeritaController.php (72)
in C:\xampp\htdocs\tmc\index.php (13)
2015/05/18 22:55:06 [warning] [application] Failed to set unsafe attribute "foto" of "Berita".
in C:\xampp\htdocs\tmc\protected\controllers\BeritaController.php (72)
in C:\xampp\htdocs\tmc\index.php (13)
2015/05/18 22:58:41 [warning] [application] Failed to set unsafe attribute "foto" of "Berita".
in C:\xampp\htdocs\tmc\protected\controllers\BeritaController.php (72)
in C:\xampp\htdocs\tmc\index.php (13)
2015/05/18 22:58:42 [warning] [application] Failed to set unsafe attribute "foto" of "Berita".
in C:\xampp\htdocs\tmc\protected\controllers\BeritaController.php (72)
in C:\xampp\htdocs\tmc\index.php (13)
2015/05/18 22:58:44 [warning] [application] Failed to set unsafe attribute "foto" of "Berita".
in C:\xampp\htdocs\tmc\protected\controllers\BeritaController.php (72)
in C:\xampp\htdocs\tmc\index.php (13)
2015/05/18 22:58:45 [warning] [application] Failed to set unsafe attribute "foto" of "Berita".
in C:\xampp\htdocs\tmc\protected\controllers\BeritaController.php (72)
in C:\xampp\htdocs\tmc\index.php (13)
2015/05/18 22:58:53 [warning] [application] Failed to set unsafe attribute "foto" of "Berita".
in C:\xampp\htdocs\tmc\protected\controllers\BeritaController.php (72)
in C:\xampp\htdocs\tmc\index.php (13)
2015/05/18 22:59:33 [warning] [application] Failed to set unsafe attribute "foto" of "Berita".
in C:\xampp\htdocs\tmc\protected\controllers\BeritaController.php (72)
in C:\xampp\htdocs\tmc\index.php (13)
2015/05/18 22:59:34 [warning] [application] Failed to set unsafe attribute "foto" of "Berita".
in C:\xampp\htdocs\tmc\protected\controllers\BeritaController.php (72)
in C:\xampp\htdocs\tmc\index.php (13)
2015/05/18 23:00:16 [warning] [application] Failed to set unsafe attribute "foto" of "Berita".
in C:\xampp\htdocs\tmc\protected\controllers\BeritaController.php (72)
in C:\xampp\htdocs\tmc\index.php (13)
2015/05/18 23:00:47 [warning] [application] Failed to set unsafe attribute "foto" of "Berita".
in C:\xampp\htdocs\tmc\protected\controllers\BeritaController.php (72)
in C:\xampp\htdocs\tmc\index.php (13)
2015/05/18 23:00:48 [warning] [application] Failed to set unsafe attribute "foto" of "Berita".
in C:\xampp\htdocs\tmc\protected\controllers\BeritaController.php (72)
in C:\xampp\htdocs\tmc\index.php (13)
2015/05/18 23:00:54 [warning] [application] Failed to set unsafe attribute "foto" of "Berita".
in C:\xampp\htdocs\tmc\protected\controllers\BeritaController.php (72)
in C:\xampp\htdocs\tmc\index.php (13)
2015/05/18 23:01:30 [warning] [application] Failed to set unsafe attribute "foto" of "Berita".
in C:\xampp\htdocs\tmc\protected\controllers\BeritaController.php (72)
in C:\xampp\htdocs\tmc\index.php (13)
2015/05/18 23:01:31 [warning] [application] Failed to set unsafe attribute "foto" of "Berita".
in C:\xampp\htdocs\tmc\protected\controllers\BeritaController.php (72)
in C:\xampp\htdocs\tmc\index.php (13)
2015/05/18 23:01:32 [warning] [application] Failed to set unsafe attribute "foto" of "Berita".
in C:\xampp\htdocs\tmc\protected\controllers\BeritaController.php (72)
in C:\xampp\htdocs\tmc\index.php (13)
2015/05/18 23:01:33 [warning] [application] Failed to set unsafe attribute "foto" of "Berita".
in C:\xampp\htdocs\tmc\protected\controllers\BeritaController.php (72)
in C:\xampp\htdocs\tmc\index.php (13)
2015/05/18 23:01:37 [warning] [application] Failed to set unsafe attribute "foto" of "Berita".
in C:\xampp\htdocs\tmc\protected\controllers\BeritaController.php (72)
in C:\xampp\htdocs\tmc\index.php (13)
2015/05/18 23:09:27 [warning] [application] Failed to set unsafe attribute "foto" of "Berita".
in C:\xampp\htdocs\tmc\protected\controllers\BeritaController.php (112)
in C:\xampp\htdocs\tmc\index.php (13)
2015/05/18 23:10:00 [warning] [application] Failed to set unsafe attribute "foto" of "Berita".
in C:\xampp\htdocs\tmc\protected\controllers\BeritaController.php (112)
in C:\xampp\htdocs\tmc\index.php (13)
2015/05/18 23:10:04 [warning] [application] Failed to set unsafe attribute "foto" of "Berita".
in C:\xampp\htdocs\tmc\protected\controllers\BeritaController.php (112)
in C:\xampp\htdocs\tmc\index.php (13)
2015/05/20 15:18:38 [warning] [application] Failed to set unsafe attribute "foto" of "Berita".
in C:\xampp\htdocs\tmc\protected\controllers\BeritaController.php (72)
in C:\xampp\htdocs\tmc\index.php (13)
2015/05/20 15:18:39 [warning] [application] Failed to set unsafe attribute "foto" of "Berita".
in C:\xampp\htdocs\tmc\protected\controllers\BeritaController.php (72)
in C:\xampp\htdocs\tmc\index.php (13)
2015/05/20 15:18:40 [warning] [application] Failed to set unsafe attribute "foto" of "Berita".
in C:\xampp\htdocs\tmc\protected\controllers\BeritaController.php (72)
in C:\xampp\htdocs\tmc\index.php (13)
2015/05/20 15:18:44 [warning] [application] Failed to set unsafe attribute "foto" of "Berita".
in C:\xampp\htdocs\tmc\protected\controllers\BeritaController.php (72)
in C:\xampp\htdocs\tmc\index.php (13)
2015/05/20 15:18:49 [warning] [application] Failed to set unsafe attribute "foto" of "Berita".
in C:\xampp\htdocs\tmc\protected\controllers\BeritaController.php (72)
in C:\xampp\htdocs\tmc\index.php (13)
2015/05/20 15:18:59 [error] [exception.Exception] exception 'Exception' with message 'Request error for API call: Operation timed out after 10000 milliseconds with 0 bytes received' in C:\xampp\htdocs\tmc\codebird\src\codebird.php:1506
Stack trace:
#0 C:\xampp\htdocs\tmc\codebird\src\codebird.php(1457): Codebird\Codebird->_callApiCurl('POST', 'statuses/update...', Array, true, false)
#1 C:\xampp\htdocs\tmc\codebird\src\codebird.php(494): Codebird\Codebird->_callApi('POST', 'statuses/update...', Array, true, false)
#2 C:\xampp\htdocs\tmc\protected\controllers\BeritaController.php(103): Codebird\Codebird->__call('statuses_update...', Array)
#3 C:\xampp\htdocs\tmc\protected\controllers\BeritaController.php(103): Codebird\Codebird->statuses_updateWithMedia(Array)
#4 C:\xampp\htdocs\yii\framework\web\actions\CInlineAction.php(49): BeritaController->actionCreate()
#5 C:\xampp\htdocs\yii\framework\web\CController.php(308): CInlineAction->runWithParams(Array)
#6 C:\xampp\htdocs\yii\framework\web\filters\CFilterChain.php(133): CController->runAction(Object(CInlineAction))
#7 C:\xampp\htdocs\yii\framework\web\filters\CFilter.php(40): CFilterChain->run()
#8 C:\xampp\htdocs\yii\framework\web\CController.php(1145): CFilter->filter(Object(CFilterChain))
#9 C:\xampp\htdocs\yii\framework\web\filters\CInlineFilter.php(58): CController->filterAccessControl(Object(CFilterChain))
#10 C:\xampp\htdocs\yii\framework\web\filters\CFilterChain.php(130): CInlineFilter->filter(Object(CFilterChain))
#11 C:\xampp\htdocs\yii\framework\web\CController.php(291): CFilterChain->run()
#12 C:\xampp\htdocs\yii\framework\web\CController.php(265): CController->runActionWithFilters(Object(CInlineAction), Array)
#13 C:\xampp\htdocs\yii\framework\web\CWebApplication.php(282): CController->run('create')
#14 C:\xampp\htdocs\yii\framework\web\CWebApplication.php(141): CWebApplication->runController('Berita/create')
#15 C:\xampp\htdocs\yii\framework\base\CApplication.php(169): CWebApplication->processRequest()
#16 C:\xampp\htdocs\tmc\index.php(13): CApplication->run()
#17 {main}
REQUEST_URI=/tmc/index.php?r=Berita/create
HTTP_REFERER=http://localhost/tmc/index.php?r=Berita/create
---
2015/05/20 15:19:42 [warning] [application] Failed to set unsafe attribute "foto" of "Berita".
in C:\xampp\htdocs\tmc\protected\controllers\BeritaController.php (72)
in C:\xampp\htdocs\tmc\index.php (13)
2015/05/20 15:19:42 [error] [system.db.CDbCommand] CDbCommand::execute() failed: SQLSTATE[23000]: Integrity constraint violation: 1062 Duplicate entry '4' for key 'PRIMARY'. The SQL statement executed was: INSERT INTO `berita` (`kode_berita`, `judul_berita`, `tanggal_posting`, `kategori_berita`, `isi_berita`, `oleh_petugas`, `status`, `foto`) VALUES (:yp0, :yp1, :yp2, :yp3, :yp4, :yp5, :yp6, :yp7).
in C:\xampp\htdocs\tmc\protected\controllers\BeritaController.php (79)
in C:\xampp\htdocs\tmc\index.php (13)
2015/05/20 15:19:42 [error] [exception.CDbException] exception 'CDbException' with message 'CDbCommand failed to execute the SQL statement: SQLSTATE[23000]: Integrity constraint violation: 1062 Duplicate entry '4' for key 'PRIMARY'. The SQL statement executed was: INSERT INTO `berita` (`kode_berita`, `judul_berita`, `tanggal_posting`, `kategori_berita`, `isi_berita`, `oleh_petugas`, `status`, `foto`) VALUES (:yp0, :yp1, :yp2, :yp3, :yp4, :yp5, :yp6, :yp7)' in C:\xampp\htdocs\yii\framework\db\CDbCommand.php:357
Stack trace:
#0 C:\xampp\htdocs\yii\framework\db\ar\CActiveRecord.php(1023): CDbCommand->execute()
#1 C:\xampp\htdocs\yii\framework\db\ar\CActiveRecord.php(795): CActiveRecord->insert(NULL)
#2 C:\xampp\htdocs\tmc\protected\controllers\BeritaController.php(79): CActiveRecord->save()
#3 C:\xampp\htdocs\yii\framework\web\actions\CInlineAction.php(49): BeritaController->actionCreate()
#4 C:\xampp\htdocs\yii\framework\web\CController.php(308): CInlineAction->runWithParams(Array)
#5 C:\xampp\htdocs\yii\framework\web\filters\CFilterChain.php(133): CController->runAction(Object(CInlineAction))
#6 C:\xampp\htdocs\yii\framework\web\filters\CFilter.php(40): CFilterChain->run()
#7 C:\xampp\htdocs\yii\framework\web\CController.php(1145): CFilter->filter(Object(CFilterChain))
#8 C:\xampp\htdocs\yii\framework\web\filters\CInlineFilter.php(58): CController->filterAccessControl(Object(CFilterChain))
#9 C:\xampp\htdocs\yii\framework\web\filters\CFilterChain.php(130): CInlineFilter->filter(Object(CFilterChain))
#10 C:\xampp\htdocs\yii\framework\web\CController.php(291): CFilterChain->run()
#11 C:\xampp\htdocs\yii\framework\web\CController.php(265): CController->runActionWithFilters(Object(CInlineAction), Array)
#12 C:\xampp\htdocs\yii\framework\web\CWebApplication.php(282): CController->run('create')
#13 C:\xampp\htdocs\yii\framework\web\CWebApplication.php(141): CWebApplication->runController('Berita/create')
#14 C:\xampp\htdocs\yii\framework\base\CApplication.php(169): CWebApplication->processRequest()
#15 C:\xampp\htdocs\tmc\index.php(13): CApplication->run()
#16 {main}
REQUEST_URI=/tmc/index.php?r=Berita/create
HTTP_REFERER=http://localhost/tmc/index.php?r=Berita/create
---
2015/05/20 15:19:48 [warning] [application] Failed to set unsafe attribute "foto" of "Berita".
in C:\xampp\htdocs\tmc\protected\controllers\BeritaController.php (72)
in C:\xampp\htdocs\tmc\index.php (13)
2015/05/20 15:19:48 [warning] [application] Failed to set unsafe attribute "foto" of "Berita".
in C:\xampp\htdocs\tmc\protected\controllers\BeritaController.php (72)
in C:\xampp\htdocs\tmc\index.php (13)
2015/05/20 15:19:49 [warning] [application] Failed to set unsafe attribute "foto" of "Berita".
in C:\xampp\htdocs\tmc\protected\controllers\BeritaController.php (72)
in C:\xampp\htdocs\tmc\index.php (13)
2015/05/20 15:19:50 [warning] [application] Failed to set unsafe attribute "foto" of "Berita".
in C:\xampp\htdocs\tmc\protected\controllers\BeritaController.php (72)
in C:\xampp\htdocs\tmc\index.php (13)
2015/05/20 15:19:52 [warning] [application] Failed to set unsafe attribute "foto" of "Berita".
in C:\xampp\htdocs\tmc\protected\controllers\BeritaController.php (72)
in C:\xampp\htdocs\tmc\index.php (13)
2015/05/20 15:19:52 [error] [php] require_once(codebird/src/codebird1.php): failed to open stream: No such file or directory (C:\xampp\htdocs\tmc\protected\controllers\BeritaController.php:90)
Stack trace:
#0 C:\xampp\htdocs\yii\framework\web\CController.php(308): CInlineAction->runWithParams()
#1 C:\xampp\htdocs\yii\framework\web\filters\CFilterChain.php(133): BeritaController->runAction()
#2 C:\xampp\htdocs\yii\framework\web\filters\CFilter.php(40): CFilterChain->run()
#3 C:\xampp\htdocs\yii\framework\web\CController.php(1145): CAccessControlFilter->filter()
#4 C:\xampp\htdocs\yii\framework\web\filters\CInlineFilter.php(58): BeritaController->filterAccessControl()
#5 C:\xampp\htdocs\yii\framework\web\filters\CFilterChain.php(130): CInlineFilter->filter()
#6 C:\xampp\htdocs\yii\framework\web\CController.php(291): CFilterChain->run()
#7 C:\xampp\htdocs\yii\framework\web\CController.php(265): BeritaController->runActionWithFilters()
#8 C:\xampp\htdocs\yii\framework\web\CWebApplication.php(282): BeritaController->run()
#9 C:\xampp\htdocs\yii\framework\web\CWebApplication.php(141): CWebApplication->runController()
#10 C:\xampp\htdocs\yii\framework\base\CApplication.php(169): CWebApplication->processRequest()
#11 C:\xampp\htdocs\tmc\index.php(13): CWebApplication->run()
REQUEST_URI=/tmc/index.php?r=Berita/create
in C:\xampp\htdocs\tmc\protected\controllers\BeritaController.php (90)
in C:\xampp\htdocs\tmc\protected\controllers\BeritaController.php (90)
in C:\xampp\htdocs\tmc\index.php (13)
2015/05/20 15:20:08 [warning] [application] Failed to set unsafe attribute "foto" of "Berita".
in C:\xampp\htdocs\tmc\protected\controllers\BeritaController.php (72)
in C:\xampp\htdocs\tmc\index.php (13)
2015/05/20 15:20:08 [error] [system.db.CDbCommand] CDbCommand::execute() failed: SQLSTATE[23000]: Integrity constraint violation: 1062 Duplicate entry '5' for key 'PRIMARY'. The SQL statement executed was: INSERT INTO `berita` (`kode_berita`, `judul_berita`, `tanggal_posting`, `kategori_berita`, `isi_berita`, `oleh_petugas`, `status`, `foto`) VALUES (:yp0, :yp1, :yp2, :yp3, :yp4, :yp5, :yp6, :yp7).
in C:\xampp\htdocs\tmc\protected\controllers\BeritaController.php (79)
in C:\xampp\htdocs\tmc\index.php (13)
2015/05/20 15:20:08 [error] [exception.CDbException] exception 'CDbException' with message 'CDbCommand failed to execute the SQL statement: SQLSTATE[23000]: Integrity constraint violation: 1062 Duplicate entry '5' for key 'PRIMARY'. The SQL statement executed was: INSERT INTO `berita` (`kode_berita`, `judul_berita`, `tanggal_posting`, `kategori_berita`, `isi_berita`, `oleh_petugas`, `status`, `foto`) VALUES (:yp0, :yp1, :yp2, :yp3, :yp4, :yp5, :yp6, :yp7)' in C:\xampp\htdocs\yii\framework\db\CDbCommand.php:357
Stack trace:
#0 C:\xampp\htdocs\yii\framework\db\ar\CActiveRecord.php(1023): CDbCommand->execute()
#1 C:\xampp\htdocs\yii\framework\db\ar\CActiveRecord.php(795): CActiveRecord->insert(NULL)
#2 C:\xampp\htdocs\tmc\protected\controllers\BeritaController.php(79): CActiveRecord->save()
#3 C:\xampp\htdocs\yii\framework\web\actions\CInlineAction.php(49): BeritaController->actionCreate()
#4 C:\xampp\htdocs\yii\framework\web\CController.php(308): CInlineAction->runWithParams(Array)
#5 C:\xampp\htdocs\yii\framework\web\filters\CFilterChain.php(133): CController->runAction(Object(CInlineAction))
#6 C:\xampp\htdocs\yii\framework\web\filters\CFilter.php(40): CFilterChain->run()
#7 C:\xampp\htdocs\yii\framework\web\CController.php(1145): CFilter->filter(Object(CFilterChain))
#8 C:\xampp\htdocs\yii\framework\web\filters\CInlineFilter.php(58): CController->filterAccessControl(Object(CFilterChain))
#9 C:\xampp\htdocs\yii\framework\web\filters\CFilterChain.php(130): CInlineFilter->filter(Object(CFilterChain))
#10 C:\xampp\htdocs\yii\framework\web\CController.php(291): CFilterChain->run()
#11 C:\xampp\htdocs\yii\framework\web\CController.php(265): CController->runActionWithFilters(Object(CInlineAction), Array)
#12 C:\xampp\htdocs\yii\framework\web\CWebApplication.php(282): CController->run('create')
#13 C:\xampp\htdocs\yii\framework\web\CWebApplication.php(141): CWebApplication->runController('Berita/create')
#14 C:\xampp\htdocs\yii\framework\base\CApplication.php(169): CWebApplication->processRequest()
#15 C:\xampp\htdocs\tmc\index.php(13): CApplication->run()
#16 {main}
REQUEST_URI=/tmc/index.php?r=Berita/create
HTTP_REFERER=http://localhost/tmc/index.php?r=Berita/create
---
2015/05/20 15:20:12 [warning] [application] Failed to set unsafe attribute "foto" of "Berita".
in C:\xampp\htdocs\tmc\protected\controllers\BeritaController.php (72)
in C:\xampp\htdocs\tmc\index.php (13)
2015/05/20 15:20:13 [warning] [application] Failed to set unsafe attribute "foto" of "Berita".
in C:\xampp\htdocs\tmc\protected\controllers\BeritaController.php (72)
in C:\xampp\htdocs\tmc\index.php (13)
2015/05/20 15:20:14 [warning] [application] Failed to set unsafe attribute "foto" of "Berita".
in C:\xampp\htdocs\tmc\protected\controllers\BeritaController.php (72)
in C:\xampp\htdocs\tmc\index.php (13)
2015/05/20 15:20:15 [warning] [application] Failed to set unsafe attribute "foto" of "Berita".
in C:\xampp\htdocs\tmc\protected\controllers\BeritaController.php (72)
in C:\xampp\htdocs\tmc\index.php (13)
2015/05/20 15:20:17 [warning] [application] Failed to set unsafe attribute "foto" of "Berita".
in C:\xampp\htdocs\tmc\protected\controllers\BeritaController.php (72)
in C:\xampp\htdocs\tmc\index.php (13)
2015/05/20 15:22:32 [warning] [application] Failed to set unsafe attribute "foto" of "Berita".
in C:\xampp\htdocs\tmc\protected\controllers\BeritaController.php (72)
in C:\xampp\htdocs\tmc\index.php (13)
2015/05/20 15:22:32 [warning] [application] Failed to set unsafe attribute "foto" of "Berita".
in C:\xampp\htdocs\tmc\protected\controllers\BeritaController.php (72)
in C:\xampp\htdocs\tmc\index.php (13)
2015/05/20 15:22:33 [warning] [application] Failed to set unsafe attribute "foto" of "Berita".
in C:\xampp\htdocs\tmc\protected\controllers\BeritaController.php (72)
in C:\xampp\htdocs\tmc\index.php (13)
2015/05/20 15:22:34 [warning] [application] Failed to set unsafe attribute "foto" of "Berita".
in C:\xampp\htdocs\tmc\protected\controllers\BeritaController.php (72)
in C:\xampp\htdocs\tmc\index.php (13)
2015/05/20 15:22:35 [warning] [application] Failed to set unsafe attribute "foto" of "Berita".
in C:\xampp\htdocs\tmc\protected\controllers\BeritaController.php (72)
in C:\xampp\htdocs\tmc\index.php (13)
2015/05/20 15:23:39 [warning] [application] Failed to set unsafe attribute "foto" of "Berita".
in C:\xampp\htdocs\tmc\protected\controllers\BeritaController.php (72)
in C:\xampp\htdocs\tmc\index.php (13)
2015/05/20 15:23:40 [warning] [application] Failed to set unsafe attribute "foto" of "Berita".
in C:\xampp\htdocs\tmc\protected\controllers\BeritaController.php (72)
in C:\xampp\htdocs\tmc\index.php (13)
2015/05/20 15:23:41 [warning] [application] Failed to set unsafe attribute "foto" of "Berita".
in C:\xampp\htdocs\tmc\protected\controllers\BeritaController.php (72)
in C:\xampp\htdocs\tmc\index.php (13)
2015/05/20 15:23:42 [warning] [application] Failed to set unsafe attribute "foto" of "Berita".
in C:\xampp\htdocs\tmc\protected\controllers\BeritaController.php (72)
in C:\xampp\htdocs\tmc\index.php (13)
2015/05/20 15:23:43 [warning] [application] Failed to set unsafe attribute "foto" of "Berita".
in C:\xampp\htdocs\tmc\protected\controllers\BeritaController.php (72)
in C:\xampp\htdocs\tmc\index.php (13)
2015/05/20 15:23:48 [warning] [application] Failed to set unsafe attribute "foto" of "Berita".
in C:\xampp\htdocs\tmc\protected\controllers\BeritaController.php (72)
in C:\xampp\htdocs\tmc\index.php (13)
2015/05/20 15:23:48 [error] [system.db.CDbCommand] CDbCommand::execute() failed: SQLSTATE[23000]: Integrity constraint violation: 1062 Duplicate entry '8' for key 'PRIMARY'. The SQL statement executed was: INSERT INTO `berita` (`kode_berita`, `judul_berita`, `tanggal_posting`, `kategori_berita`, `isi_berita`, `oleh_petugas`, `status`, `foto`) VALUES (:yp0, :yp1, :yp2, :yp3, :yp4, :yp5, :yp6, :yp7).
in C:\xampp\htdocs\tmc\protected\controllers\BeritaController.php (79)
in C:\xampp\htdocs\tmc\index.php (13)
2015/05/20 15:23:48 [error] [exception.CDbException] exception 'CDbException' with message 'CDbCommand failed to execute the SQL statement: SQLSTATE[23000]: Integrity constraint violation: 1062 Duplicate entry '8' for key 'PRIMARY'. The SQL statement executed was: INSERT INTO `berita` (`kode_berita`, `judul_berita`, `tanggal_posting`, `kategori_berita`, `isi_berita`, `oleh_petugas`, `status`, `foto`) VALUES (:yp0, :yp1, :yp2, :yp3, :yp4, :yp5, :yp6, :yp7)' in C:\xampp\htdocs\yii\framework\db\CDbCommand.php:357
Stack trace:
#0 C:\xampp\htdocs\yii\framework\db\ar\CActiveRecord.php(1023): CDbCommand->execute()
#1 C:\xampp\htdocs\yii\framework\db\ar\CActiveRecord.php(795): CActiveRecord->insert(NULL)
#2 C:\xampp\htdocs\tmc\protected\controllers\BeritaController.php(79): CActiveRecord->save()
#3 C:\xampp\htdocs\yii\framework\web\actions\CInlineAction.php(49): BeritaController->actionCreate()
#4 C:\xampp\htdocs\yii\framework\web\CController.php(308): CInlineAction->runWithParams(Array)
#5 C:\xampp\htdocs\yii\framework\web\filters\CFilterChain.php(133): CController->runAction(Object(CInlineAction))
#6 C:\xampp\htdocs\yii\framework\web\filters\CFilter.php(40): CFilterChain->run()
#7 C:\xampp\htdocs\yii\framework\web\CController.php(1145): CFilter->filter(Object(CFilterChain))
#8 C:\xampp\htdocs\yii\framework\web\filters\CInlineFilter.php(58): CController->filterAccessControl(Object(CFilterChain))
#9 C:\xampp\htdocs\yii\framework\web\filters\CFilterChain.php(130): CInlineFilter->filter(Object(CFilterChain))
#10 C:\xampp\htdocs\yii\framework\web\CController.php(291): CFilterChain->run()
#11 C:\xampp\htdocs\yii\framework\web\CController.php(265): CController->runActionWithFilters(Object(CInlineAction), Array)
#12 C:\xampp\htdocs\yii\framework\web\CWebApplication.php(282): CController->run('create')
#13 C:\xampp\htdocs\yii\framework\web\CWebApplication.php(141): CWebApplication->runController('berita/create')
#14 C:\xampp\htdocs\yii\framework\base\CApplication.php(169): CWebApplication->processRequest()
#15 C:\xampp\htdocs\tmc\index.php(13): CApplication->run()
#16 {main}
REQUEST_URI=/tmc/index.php?r=berita/create
HTTP_REFERER=http://localhost/tmc/index.php?r=berita/create
---
2015/05/20 15:23:58 [warning] [application] Failed to set unsafe attribute "foto" of "Berita".
in C:\xampp\htdocs\tmc\protected\controllers\BeritaController.php (72)
in C:\xampp\htdocs\tmc\index.php (13)
2015/05/20 15:23:59 [warning] [application] Failed to set unsafe attribute "foto" of "Berita".
in C:\xampp\htdocs\tmc\protected\controllers\BeritaController.php (72)
in C:\xampp\htdocs\tmc\index.php (13)
2015/05/20 15:24:01 [warning] [application] Failed to set unsafe attribute "foto" of "Berita".
in C:\xampp\htdocs\tmc\protected\controllers\BeritaController.php (72)
in C:\xampp\htdocs\tmc\index.php (13)
2015/05/20 15:24:02 [warning] [application] Failed to set unsafe attribute "foto" of "Berita".
in C:\xampp\htdocs\tmc\protected\controllers\BeritaController.php (72)
in C:\xampp\htdocs\tmc\index.php (13)
2015/05/20 15:24:03 [warning] [application] Failed to set unsafe attribute "foto" of "Berita".
in C:\xampp\htdocs\tmc\protected\controllers\BeritaController.php (72)
in C:\xampp\htdocs\tmc\index.php (13)
2015/05/20 15:24:45 [warning] [application] Failed to set unsafe attribute "foto" of "Berita".
in C:\xampp\htdocs\tmc\protected\controllers\BeritaController.php (72)
in C:\xampp\htdocs\tmc\index.php (13)
2015/05/20 15:24:46 [warning] [application] Failed to set unsafe attribute "foto" of "Berita".
in C:\xampp\htdocs\tmc\protected\controllers\BeritaController.php (72)
in C:\xampp\htdocs\tmc\index.php (13)
2015/05/20 15:24:47 [warning] [application] Failed to set unsafe attribute "foto" of "Berita".
in C:\xampp\htdocs\tmc\protected\controllers\BeritaController.php (72)
in C:\xampp\htdocs\tmc\index.php (13)
2015/05/20 15:24:48 [warning] [application] Failed to set unsafe attribute "foto" of "Berita".
in C:\xampp\htdocs\tmc\protected\controllers\BeritaController.php (72)
in C:\xampp\htdocs\tmc\index.php (13)
2015/05/20 15:24:53 [warning] [application] Failed to set unsafe attribute "foto" of "Berita".
in C:\xampp\htdocs\tmc\protected\controllers\BeritaController.php (72)
in C:\xampp\htdocs\tmc\index.php (13)
2015/05/20 15:30:35 [warning] [application] Failed to set unsafe attribute "foto" of "Berita".
in C:\xampp\htdocs\tmc\protected\controllers\BeritaController.php (72)
in C:\xampp\htdocs\tmc\index.php (13)
2015/05/20 15:30:36 [warning] [application] Failed to set unsafe attribute "foto" of "Berita".
in C:\xampp\htdocs\tmc\protected\controllers\BeritaController.php (72)
in C:\xampp\htdocs\tmc\index.php (13)
2015/05/20 15:30:37 [warning] [application] Failed to set unsafe attribute "foto" of "Berita".
in C:\xampp\htdocs\tmc\protected\controllers\BeritaController.php (72)
in C:\xampp\htdocs\tmc\index.php (13)
2015/05/20 15:30:38 [warning] [application] Failed to set unsafe attribute "foto" of "Berita".
in C:\xampp\htdocs\tmc\protected\controllers\BeritaController.php (72)
in C:\xampp\htdocs\tmc\index.php (13)
2015/05/20 15:30:41 [warning] [application] Failed to set unsafe attribute "foto" of "Berita".
in C:\xampp\htdocs\tmc\protected\controllers\BeritaController.php (72)
in C:\xampp\htdocs\tmc\index.php (13)
2015/05/20 15:30:44 [error] [exception.Exception] exception 'Exception' with message 'Request error for API call: Operation timed out after 0 milliseconds with 0 out of 0 bytes received' in C:\xampp\htdocs\tmc\codebird\src\codebird.php:1506
Stack trace:
#0 C:\xampp\htdocs\tmc\codebird\src\codebird.php(1457): Codebird\Codebird->_callApiCurl('POST', 'statuses/update...', Array, true, false)
#1 C:\xampp\htdocs\tmc\codebird\src\codebird.php(494): Codebird\Codebird->_callApi('POST', 'statuses/update...', Array, true, false)
#2 C:\xampp\htdocs\tmc\protected\controllers\BeritaController.php(104): Codebird\Codebird->__call('statuses_update...', Array)
#3 C:\xampp\htdocs\tmc\protected\controllers\BeritaController.php(104): Codebird\Codebird->statuses_updateWithMedia(Array)
#4 C:\xampp\htdocs\yii\framework\web\actions\CInlineAction.php(49): BeritaController->actionCreate()
#5 C:\xampp\htdocs\yii\framework\web\CController.php(308): CInlineAction->runWithParams(Array)
#6 C:\xampp\htdocs\yii\framework\web\filters\CFilterChain.php(133): CController->runAction(Object(CInlineAction))
#7 C:\xampp\htdocs\yii\framework\web\filters\CFilter.php(40): CFilterChain->run()
#8 C:\xampp\htdocs\yii\framework\web\CController.php(1145): CFilter->filter(Object(CFilterChain))
#9 C:\xampp\htdocs\yii\framework\web\filters\CInlineFilter.php(58): CController->filterAccessControl(Object(CFilterChain))
#10 C:\xampp\htdocs\yii\framework\web\filters\CFilterChain.php(130): CInlineFilter->filter(Object(CFilterChain))
#11 C:\xampp\htdocs\yii\framework\web\CController.php(291): CFilterChain->run()
#12 C:\xampp\htdocs\yii\framework\web\CController.php(265): CController->runActionWithFilters(Object(CInlineAction), Array)
#13 C:\xampp\htdocs\yii\framework\web\CWebApplication.php(282): CController->run('create')
#14 C:\xampp\htdocs\yii\framework\web\CWebApplication.php(141): CWebApplication->runController('berita/create')
#15 C:\xampp\htdocs\yii\framework\base\CApplication.php(169): CWebApplication->processRequest()
#16 C:\xampp\htdocs\tmc\index.php(13): CApplication->run()
#17 {main}
REQUEST_URI=/tmc/index.php?r=berita/create
HTTP_REFERER=http://localhost/tmc/index.php?r=berita/create
---
2015/05/20 15:32:53 [warning] [application] Failed to set unsafe attribute "foto" of "Berita".
in C:\xampp\htdocs\tmc\protected\controllers\BeritaController.php (72)
in C:\xampp\htdocs\tmc\index.php (13)
2015/05/20 15:32:54 [warning] [application] Failed to set unsafe attribute "foto" of "Berita".
in C:\xampp\htdocs\tmc\protected\controllers\BeritaController.php (72)
in C:\xampp\htdocs\tmc\index.php (13)
2015/05/20 15:32:54 [warning] [application] Failed to set unsafe attribute "foto" of "Berita".
in C:\xampp\htdocs\tmc\protected\controllers\BeritaController.php (72)
in C:\xampp\htdocs\tmc\index.php (13)
2015/05/20 15:32:55 [warning] [application] Failed to set unsafe attribute "foto" of "Berita".
in C:\xampp\htdocs\tmc\protected\controllers\BeritaController.php (72)
in C:\xampp\htdocs\tmc\index.php (13)
2015/05/20 15:32:57 [warning] [application] Failed to set unsafe attribute "foto" of "Berita".
in C:\xampp\htdocs\tmc\protected\controllers\BeritaController.php (72)
in C:\xampp\htdocs\tmc\index.php (13)
2015/05/20 15:33:03 [error] [php] Undefined index: userpages (C:\xampp\htdocs\tmc\protected\controllers\BeritaController.php:110)
Stack trace:
#0 C:\xampp\htdocs\yii\framework\web\filters\CFilterChain.php(133): BeritaController->runAction()
#1 C:\xampp\htdocs\yii\framework\web\filters\CFilter.php(40): CFilterChain->run()
#2 C:\xampp\htdocs\yii\framework\web\CController.php(1145): CAccessControlFilter->filter()
#3 C:\xampp\htdocs\yii\framework\web\filters\CInlineFilter.php(58): BeritaController->filterAccessControl()
#4 C:\xampp\htdocs\yii\framework\web\filters\CFilterChain.php(130): CInlineFilter->filter()
#5 C:\xampp\htdocs\yii\framework\web\CController.php(291): CFilterChain->run()
#6 C:\xampp\htdocs\yii\framework\web\CController.php(265): BeritaController->runActionWithFilters()
#7 C:\xampp\htdocs\yii\framework\web\CWebApplication.php(282): BeritaController->run()
#8 C:\xampp\htdocs\yii\framework\web\CWebApplication.php(141): CWebApplication->runController()
#9 C:\xampp\htdocs\yii\framework\base\CApplication.php(169): CWebApplication->processRequest()
#10 C:\xampp\htdocs\tmc\index.php(13): CWebApplication->run()
REQUEST_URI=/tmc/index.php?r=berita/create
in C:\xampp\htdocs\tmc\protected\controllers\BeritaController.php (110)
in C:\xampp\htdocs\tmc\index.php (13)
2015/05/20 15:33:17 [warning] [application] Failed to set unsafe attribute "foto" of "Berita".
in C:\xampp\htdocs\tmc\protected\controllers\BeritaController.php (72)
in C:\xampp\htdocs\tmc\index.php (13)
2015/05/20 15:33:17 [error] [system.db.CDbCommand] CDbCommand::execute() failed: SQLSTATE[23000]: Integrity constraint violation: 1062 Duplicate entry '12' for key 'PRIMARY'. The SQL statement executed was: INSERT INTO `berita` (`kode_berita`, `judul_berita`, `tanggal_posting`, `kategori_berita`, `isi_berita`, `oleh_petugas`, `status`, `foto`) VALUES (:yp0, :yp1, :yp2, :yp3, :yp4, :yp5, :yp6, :yp7).
in C:\xampp\htdocs\tmc\protected\controllers\BeritaController.php (79)
in C:\xampp\htdocs\tmc\index.php (13)
2015/05/20 15:33:17 [error] [exception.CDbException] exception 'CDbException' with message 'CDbCommand failed to execute the SQL statement: SQLSTATE[23000]: Integrity constraint violation: 1062 Duplicate entry '12' for key 'PRIMARY'. The SQL statement executed was: INSERT INTO `berita` (`kode_berita`, `judul_berita`, `tanggal_posting`, `kategori_berita`, `isi_berita`, `oleh_petugas`, `status`, `foto`) VALUES (:yp0, :yp1, :yp2, :yp3, :yp4, :yp5, :yp6, :yp7)' in C:\xampp\htdocs\yii\framework\db\CDbCommand.php:357
Stack trace:
#0 C:\xampp\htdocs\yii\framework\db\ar\CActiveRecord.php(1023): CDbCommand->execute()
#1 C:\xampp\htdocs\yii\framework\db\ar\CActiveRecord.php(795): CActiveRecord->insert(NULL)
#2 C:\xampp\htdocs\tmc\protected\controllers\BeritaController.php(79): CActiveRecord->save()
#3 C:\xampp\htdocs\yii\framework\web\actions\CInlineAction.php(49): BeritaController->actionCreate()
#4 C:\xampp\htdocs\yii\framework\web\CController.php(308): CInlineAction->runWithParams(Array)
#5 C:\xampp\htdocs\yii\framework\web\filters\CFilterChain.php(133): CController->runAction(Object(CInlineAction))
#6 C:\xampp\htdocs\yii\framework\web\filters\CFilter.php(40): CFilterChain->run()
#7 C:\xampp\htdocs\yii\framework\web\CController.php(1145): CFilter->filter(Object(CFilterChain))
#8 C:\xampp\htdocs\yii\framework\web\filters\CInlineFilter.php(58): CController->filterAccessControl(Object(CFilterChain))
#9 C:\xampp\htdocs\yii\framework\web\filters\CFilterChain.php(130): CInlineFilter->filter(Object(CFilterChain))
#10 C:\xampp\htdocs\yii\framework\web\CController.php(291): CFilterChain->run()
#11 C:\xampp\htdocs\yii\framework\web\CController.php(265): CController->runActionWithFilters(Object(CInlineAction), Array)
#12 C:\xampp\htdocs\yii\framework\web\CWebApplication.php(282): CController->run('create')
#13 C:\xampp\htdocs\yii\framework\web\CWebApplication.php(141): CWebApplication->runController('berita/create')
#14 C:\xampp\htdocs\yii\framework\base\CApplication.php(169): CWebApplication->processRequest()
#15 C:\xampp\htdocs\tmc\index.php(13): CApplication->run()
#16 {main}
REQUEST_URI=/tmc/index.php?r=berita/create
HTTP_REFERER=http://localhost/tmc/index.php?r=berita/create
---
2015/05/20 15:33:22 [warning] [application] Failed to set unsafe attribute "foto" of "Berita".
in C:\xampp\htdocs\tmc\protected\controllers\BeritaController.php (72)
in C:\xampp\htdocs\tmc\index.php (13)
2015/05/20 15:33:23 [warning] [application] Failed to set unsafe attribute "foto" of "Berita".
in C:\xampp\htdocs\tmc\protected\controllers\BeritaController.php (72)
in C:\xampp\htdocs\tmc\index.php (13)
2015/05/20 15:33:23 [warning] [application] Failed to set unsafe attribute "foto" of "Berita".
in C:\xampp\htdocs\tmc\protected\controllers\BeritaController.php (72)
in C:\xampp\htdocs\tmc\index.php (13)
2015/05/20 15:33:24 [warning] [application] Failed to set unsafe attribute "foto" of "Berita".
in C:\xampp\htdocs\tmc\protected\controllers\BeritaController.php (72)
in C:\xampp\htdocs\tmc\index.php (13)
2015/05/20 15:33:25 [warning] [application] Failed to set unsafe attribute "foto" of "Berita".
in C:\xampp\htdocs\tmc\protected\controllers\BeritaController.php (72)
in C:\xampp\htdocs\tmc\index.php (13)
2015/05/20 16:15:03 [warning] [application] Failed to set unsafe attribute "foto" of "Berita".
in C:\xampp\htdocs\tmc\protected\controllers\BeritaController.php (72)
in C:\xampp\htdocs\tmc\index.php (13)
2015/05/20 16:15:04 [warning] [application] Failed to set unsafe attribute "foto" of "Berita".
in C:\xampp\htdocs\tmc\protected\controllers\BeritaController.php (72)
in C:\xampp\htdocs\tmc\index.php (13)
2015/05/20 16:15:05 [warning] [application] Failed to set unsafe attribute "foto" of "Berita".
in C:\xampp\htdocs\tmc\protected\controllers\BeritaController.php (72)
in C:\xampp\htdocs\tmc\index.php (13)
2015/05/20 16:15:07 [warning] [application] Failed to set unsafe attribute "foto" of "Berita".
in C:\xampp\htdocs\tmc\protected\controllers\BeritaController.php (72)
in C:\xampp\htdocs\tmc\index.php (13)
2015/05/20 16:15:19 [warning] [application] Failed to set unsafe attribute "foto" of "Berita".
in C:\xampp\htdocs\tmc\protected\controllers\BeritaController.php (72)
in C:\xampp\htdocs\tmc\index.php (13)
2015/05/20 16:15:49 [warning] [application] Failed to set unsafe attribute "foto" of "Berita".
in C:\xampp\htdocs\tmc\protected\controllers\BeritaController.php (72)
in C:\xampp\htdocs\tmc\index.php (13)
2015/05/20 16:15:50 [warning] [application] Failed to set unsafe attribute "foto" of "Berita".
in C:\xampp\htdocs\tmc\protected\controllers\BeritaController.php (72)
in C:\xampp\htdocs\tmc\index.php (13)
2015/05/20 16:15:51 [warning] [application] Failed to set unsafe attribute "foto" of "Berita".
in C:\xampp\htdocs\tmc\protected\controllers\BeritaController.php (72)
in C:\xampp\htdocs\tmc\index.php (13)
2015/05/20 16:15:52 [warning] [application] Failed to set unsafe attribute "foto" of "Berita".
in C:\xampp\htdocs\tmc\protected\controllers\BeritaController.php (72)
in C:\xampp\htdocs\tmc\index.php (13)
2015/05/20 16:16:05 [warning] [application] Failed to set unsafe attribute "foto" of "Berita".
in C:\xampp\htdocs\tmc\protected\controllers\BeritaController.php (72)
in C:\xampp\htdocs\tmc\index.php (13)
2015/05/20 16:17:50 [warning] [application] Failed to set unsafe attribute "foto" of "Berita".
in C:\xampp\htdocs\tmc\protected\controllers\BeritaController.php (72)
in C:\xampp\htdocs\tmc\index.php (13)
2015/05/20 16:17:52 [warning] [application] Failed to set unsafe attribute "foto" of "Berita".
in C:\xampp\htdocs\tmc\protected\controllers\BeritaController.php (72)
in C:\xampp\htdocs\tmc\index.php (13)
2015/05/20 16:17:53 [warning] [application] Failed to set unsafe attribute "foto" of "Berita".
in C:\xampp\htdocs\tmc\protected\controllers\BeritaController.php (72)
in C:\xampp\htdocs\tmc\index.php (13)
2015/05/20 16:18:16 [warning] [application] Failed to set unsafe attribute "foto" of "Berita".
in C:\xampp\htdocs\tmc\protected\controllers\BeritaController.php (72)
in C:\xampp\htdocs\tmc\index.php (13)
2015/05/20 16:18:17 [warning] [application] Failed to set unsafe attribute "foto" of "Berita".
in C:\xampp\htdocs\tmc\protected\controllers\BeritaController.php (72)
in C:\xampp\htdocs\tmc\index.php (13)
2015/05/20 16:18:18 [warning] [application] Failed to set unsafe attribute "foto" of "Berita".
in C:\xampp\htdocs\tmc\protected\controllers\BeritaController.php (72)
in C:\xampp\htdocs\tmc\index.php (13)
2015/05/20 16:18:19 [warning] [application] Failed to set unsafe attribute "foto" of "Berita".
in C:\xampp\htdocs\tmc\protected\controllers\BeritaController.php (72)
in C:\xampp\htdocs\tmc\index.php (13)
2015/05/20 16:18:22 [warning] [application] Failed to set unsafe attribute "foto" of "Berita".
in C:\xampp\htdocs\tmc\protected\controllers\BeritaController.php (72)
in C:\xampp\htdocs\tmc\index.php (13)
2015/05/20 16:18:48 [warning] [application] Failed to set unsafe attribute "foto" of "Berita".
in C:\xampp\htdocs\tmc\protected\controllers\BeritaController.php (72)
in C:\xampp\htdocs\tmc\index.php (13)
2015/05/20 16:18:48 [warning] [application] Failed to set unsafe attribute "foto" of "Berita".
in C:\xampp\htdocs\tmc\protected\controllers\BeritaController.php (72)
in C:\xampp\htdocs\tmc\index.php (13)
2015/05/20 16:18:49 [warning] [application] Failed to set unsafe attribute "foto" of "Berita".
in C:\xampp\htdocs\tmc\protected\controllers\BeritaController.php (72)
in C:\xampp\htdocs\tmc\index.php (13)
2015/05/20 16:18:50 [warning] [application] Failed to set unsafe attribute "foto" of "Berita".
in C:\xampp\htdocs\tmc\protected\controllers\BeritaController.php (72)
in C:\xampp\htdocs\tmc\index.php (13)
2015/05/20 16:18:55 [warning] [application] Failed to set unsafe attribute "foto" of "Berita".
in C:\xampp\htdocs\tmc\protected\controllers\BeritaController.php (72)
in C:\xampp\htdocs\tmc\index.php (13)
2015/05/20 17:00:24 [warning] [application] Failed to set unsafe attribute "foto" of "Berita".
in C:\xampp\htdocs\tmcfront\tmc\protected\controllers\BeritaController.php (72)
in C:\xampp\htdocs\tmcfront\tmc\index.php (13)
2015/05/20 17:00:25 [warning] [application] Failed to set unsafe attribute "foto" of "Berita".
in C:\xampp\htdocs\tmcfront\tmc\protected\controllers\BeritaController.php (72)
in C:\xampp\htdocs\tmcfront\tmc\index.php (13)
2015/05/20 17:00:25 [warning] [application] Failed to set unsafe attribute "foto" of "Berita".
in C:\xampp\htdocs\tmcfront\tmc\protected\controllers\BeritaController.php (72)
in C:\xampp\htdocs\tmcfront\tmc\index.php (13)
2015/05/20 17:00:27 [warning] [application] Failed to set unsafe attribute "foto" of "Berita".
in C:\xampp\htdocs\tmcfront\tmc\protected\controllers\BeritaController.php (72)
in C:\xampp\htdocs\tmcfront\tmc\index.php (13)
2015/05/20 17:00:39 [warning] [application] Failed to set unsafe attribute "foto" of "Berita".
in C:\xampp\htdocs\tmcfront\tmc\protected\controllers\BeritaController.php (72)
in C:\xampp\htdocs\tmcfront\tmc\index.php (13)
2015/05/20 17:02:15 [warning] [application] Failed to set unsafe attribute "foto" of "Berita".
in C:\xampp\htdocs\tmcfront\tmc\protected\controllers\BeritaController.php (72)
in C:\xampp\htdocs\tmcfront\tmc\index.php (13)
2015/05/20 17:02:16 [warning] [application] Failed to set unsafe attribute "foto" of "Berita".
in C:\xampp\htdocs\tmcfront\tmc\protected\controllers\BeritaController.php (72)
in C:\xampp\htdocs\tmcfront\tmc\index.php (13)
2015/05/20 17:02:17 [warning] [application] Failed to set unsafe attribute "foto" of "Berita".
in C:\xampp\htdocs\tmcfront\tmc\protected\controllers\BeritaController.php (72)
in C:\xampp\htdocs\tmcfront\tmc\index.php (13)
2015/05/20 17:02:21 [warning] [application] Failed to set unsafe attribute "foto" of "Berita".
in C:\xampp\htdocs\tmcfront\tmc\protected\controllers\BeritaController.php (72)
in C:\xampp\htdocs\tmcfront\tmc\index.php (13)
2015/05/20 17:02:23 [warning] [application] Failed to set unsafe attribute "foto" of "Berita".
in C:\xampp\htdocs\tmcfront\tmc\protected\controllers\BeritaController.php (72)
in C:\xampp\htdocs\tmcfront\tmc\index.php (13)
2015/05/20 17:04:14 [warning] [application] Failed to set unsafe attribute "foto" of "Berita".
in C:\xampp\htdocs\tmcfront\tmc\protected\controllers\BeritaController.php (72)
in C:\xampp\htdocs\tmcfront\tmc\index.php (13)
2015/05/20 17:04:15 [warning] [application] Failed to set unsafe attribute "foto" of "Berita".
in C:\xampp\htdocs\tmcfront\tmc\protected\controllers\BeritaController.php (72)
in C:\xampp\htdocs\tmcfront\tmc\index.php (13)
2015/05/20 17:04:15 [warning] [application] Failed to set unsafe attribute "foto" of "Berita".
in C:\xampp\htdocs\tmcfront\tmc\protected\controllers\BeritaController.php (72)
in C:\xampp\htdocs\tmcfront\tmc\index.php (13)
2015/05/20 17:04:16 [warning] [application] Failed to set unsafe attribute "foto" of "Berita".
in C:\xampp\htdocs\tmcfront\tmc\protected\controllers\BeritaController.php (72)
in C:\xampp\htdocs\tmcfront\tmc\index.php (13)
2015/05/20 17:04:28 [warning] [application] Failed to set unsafe attribute "foto" of "Berita".
in C:\xampp\htdocs\tmcfront\tmc\protected\controllers\BeritaController.php (72)
in C:\xampp\htdocs\tmcfront\tmc\index.php (13)
2015/05/20 17:05:30 [warning] [application] Failed to set unsafe attribute "foto" of "Berita".
in C:\xampp\htdocs\tmcfront\tmc\protected\controllers\BeritaController.php (72)
in C:\xampp\htdocs\tmcfront\tmc\index.php (13)
2015/05/20 17:05:32 [warning] [application] Failed to set unsafe attribute "foto" of "Berita".
in C:\xampp\htdocs\tmcfront\tmc\protected\controllers\BeritaController.php (72)
in C:\xampp\htdocs\tmcfront\tmc\index.php (13)
2015/05/20 17:05:32 [warning] [application] Failed to set unsafe attribute "foto" of "Berita".
in C:\xampp\htdocs\tmcfront\tmc\protected\controllers\BeritaController.php (72)
in C:\xampp\htdocs\tmcfront\tmc\index.php (13)
2015/05/20 17:05:33 [warning] [application] Failed to set unsafe attribute "foto" of "Berita".
in C:\xampp\htdocs\tmcfront\tmc\protected\controllers\BeritaController.php (72)
in C:\xampp\htdocs\tmcfront\tmc\index.php (13)
2015/05/20 17:05:36 [warning] [application] Failed to set unsafe attribute "foto" of "Berita".
in C:\xampp\htdocs\tmcfront\tmc\protected\controllers\BeritaController.php (72)
in C:\xampp\htdocs\tmcfront\tmc\index.php (13)
2015/05/20 17:06:06 [warning] [application] Failed to set unsafe attribute "foto" of "Berita".
in C:\xampp\htdocs\tmcfront\tmc\protected\controllers\BeritaController.php (72)
in C:\xampp\htdocs\tmcfront\tmc\index.php (13)
2015/05/20 17:06:07 [warning] [application] Failed to set unsafe attribute "foto" of "Berita".
in C:\xampp\htdocs\tmcfront\tmc\protected\controllers\BeritaController.php (72)
in C:\xampp\htdocs\tmcfront\tmc\index.php (13)
2015/05/20 17:06:07 [warning] [application] Failed to set unsafe attribute "foto" of "Berita".
in C:\xampp\htdocs\tmcfront\tmc\protected\controllers\BeritaController.php (72)
in C:\xampp\htdocs\tmcfront\tmc\index.php (13)
2015/05/20 17:06:09 [warning] [application] Failed to set unsafe attribute "foto" of "Berita".
in C:\xampp\htdocs\tmcfront\tmc\protected\controllers\BeritaController.php (72)
in C:\xampp\htdocs\tmcfront\tmc\index.php (13)
2015/05/20 17:06:10 [warning] [application] Failed to set unsafe attribute "foto" of "Berita".
in C:\xampp\htdocs\tmcfront\tmc\protected\controllers\BeritaController.php (72)
in C:\xampp\htdocs\tmcfront\tmc\index.php (13)
2015/05/20 17:07:16 [warning] [application] Failed to set unsafe attribute "foto" of "Berita".
in C:\xampp\htdocs\tmcfront\tmc\protected\controllers\BeritaController.php (72)
in C:\xampp\htdocs\tmcfront\tmc\index.php (13)
2015/05/20 17:07:17 [warning] [application] Failed to set unsafe attribute "foto" of "Berita".
in C:\xampp\htdocs\tmcfront\tmc\protected\controllers\BeritaController.php (72)
in C:\xampp\htdocs\tmcfront\tmc\index.php (13)
2015/05/20 17:07:17 [warning] [application] Failed to set unsafe attribute "foto" of "Berita".
in C:\xampp\htdocs\tmcfront\tmc\protected\controllers\BeritaController.php (72)
in C:\xampp\htdocs\tmcfront\tmc\index.php (13)
2015/05/20 17:07:18 [warning] [application] Failed to set unsafe attribute "foto" of "Berita".
in C:\xampp\htdocs\tmcfront\tmc\protected\controllers\BeritaController.php (72)
in C:\xampp\htdocs\tmcfront\tmc\index.php (13)
2015/05/20 17:07:20 [warning] [application] Failed to set unsafe attribute "foto" of "Berita".
in C:\xampp\htdocs\tmcfront\tmc\protected\controllers\BeritaController.php (72)
in C:\xampp\htdocs\tmcfront\tmc\index.php (13)
2015/05/20 17:07:44 [warning] [application] Failed to set unsafe attribute "foto" of "Berita".
in C:\xampp\htdocs\tmcfront\tmc\protected\controllers\BeritaController.php (72)
in C:\xampp\htdocs\tmcfront\tmc\index.php (13)
2015/05/20 17:07:45 [warning] [application] Failed to set unsafe attribute "foto" of "Berita".
in C:\xampp\htdocs\tmcfront\tmc\protected\controllers\BeritaController.php (72)
in C:\xampp\htdocs\tmcfront\tmc\index.php (13)
2015/05/20 17:07:46 [warning] [application] Failed to set unsafe attribute "foto" of "Berita".
in C:\xampp\htdocs\tmcfront\tmc\protected\controllers\BeritaController.php (72)
in C:\xampp\htdocs\tmcfront\tmc\index.php (13)
2015/05/20 17:07:47 [warning] [application] Failed to set unsafe attribute "foto" of "Berita".
in C:\xampp\htdocs\tmcfront\tmc\protected\controllers\BeritaController.php (72)
in C:\xampp\htdocs\tmcfront\tmc\index.php (13)
2015/05/20 17:07:48 [warning] [application] Failed to set unsafe attribute "foto" of "Berita".
in C:\xampp\htdocs\tmcfront\tmc\protected\controllers\BeritaController.php (72)
in C:\xampp\htdocs\tmcfront\tmc\index.php (13)
2015/05/20 17:08:22 [warning] [application] Failed to set unsafe attribute "foto" of "Berita".
in C:\xampp\htdocs\tmcfront\tmc\protected\controllers\BeritaController.php (72)
in C:\xampp\htdocs\tmcfront\tmc\index.php (13)
2015/05/20 17:08:23 [warning] [application] Failed to set unsafe attribute "foto" of "Berita".
in C:\xampp\htdocs\tmcfront\tmc\protected\controllers\BeritaController.php (72)
in C:\xampp\htdocs\tmcfront\tmc\index.php (13)
2015/05/20 17:08:23 [warning] [application] Failed to set unsafe attribute "foto" of "Berita".
in C:\xampp\htdocs\tmcfront\tmc\protected\controllers\BeritaController.php (72)
in C:\xampp\htdocs\tmcfront\tmc\index.php (13)
2015/05/20 17:08:24 [warning] [application] Failed to set unsafe attribute "foto" of "Berita".
in C:\xampp\htdocs\tmcfront\tmc\protected\controllers\BeritaController.php (72)
in C:\xampp\htdocs\tmcfront\tmc\index.php (13)
2015/05/20 17:08:27 [warning] [application] Failed to set unsafe attribute "foto" of "Berita".
in C:\xampp\htdocs\tmcfront\tmc\protected\controllers\BeritaController.php (72)
in C:\xampp\htdocs\tmcfront\tmc\index.php (13)
2015/05/20 17:16:30 [error] [exception.CException] exception 'CException' with message 'Property "Pengaduan.isi_berita" is not defined.' in C:\xampp\htdocs\yii\framework\base\CComponent.php:130
Stack trace:
#0 C:\xampp\htdocs\yii\framework\db\ar\CActiveRecord.php(143): CComponent->__get('isi_berita')
#1 C:\xampp\htdocs\tmcfront\tmc\protected\views\pengaduan\view.php(81): CActiveRecord->__get('isi_berita')
#2 C:\xampp\htdocs\yii\framework\web\CBaseController.php(126): require('C:\\xampp\\htdocs...')
#3 C:\xampp\htdocs\yii\framework\web\CBaseController.php(95): CBaseController->renderInternal('C:\\xampp\\htdocs...', Array, true)
#4 C:\xampp\htdocs\yii\framework\web\CController.php(869): CBaseController->renderFile('C:\\xampp\\htdocs...', Array, true)
#5 C:\xampp\htdocs\yii\framework\web\CController.php(782): CController->renderPartial('view', Array, true)
#6 C:\xampp\htdocs\tmcfront\tmc\protected\controllers\PengaduanController.php(56): CController->render('view', Array)
#7 [internal function]: PengaduanController->actionView('PN-15/05/0001')
#8 C:\xampp\htdocs\yii\framework\web\actions\CAction.php(108): ReflectionMethod->invokeArgs(Object(PengaduanController), Array)
#9 C:\xampp\htdocs\yii\framework\web\actions\CInlineAction.php(47): CAction->runWithParamsInternal(Object(PengaduanController), Object(ReflectionMethod), Array)
#10 C:\xampp\htdocs\yii\framework\web\CController.php(308): CInlineAction->runWithParams(Array)
#11 C:\xampp\htdocs\yii\framework\web\filters\CFilterChain.php(133): CController->runAction(Object(CInlineAction))
#12 C:\xampp\htdocs\yii\framework\web\filters\CFilter.php(40): CFilterChain->run()
#13 C:\xampp\htdocs\yii\framework\web\CController.php(1145): CFilter->filter(Object(CFilterChain))
#14 C:\xampp\htdocs\yii\framework\web\filters\CInlineFilter.php(58): CController->filterAccessControl(Object(CFilterChain))
#15 C:\xampp\htdocs\yii\framework\web\filters\CFilterChain.php(130): CInlineFilter->filter(Object(CFilterChain))
#16 C:\xampp\htdocs\yii\framework\web\CController.php(291): CFilterChain->run()
#17 C:\xampp\htdocs\yii\framework\web\CController.php(265): CController->runActionWithFilters(Object(CInlineAction), Array)
#18 C:\xampp\htdocs\yii\framework\web\CWebApplication.php(282): CController->run('view')
#19 C:\xampp\htdocs\yii\framework\web\CWebApplication.php(141): CWebApplication->runController('pengaduan/view')
#20 C:\xampp\htdocs\yii\framework\base\CApplication.php(169): CWebApplication->processRequest()
#21 C:\xampp\htdocs\tmcfront\tmc\index.php(13): CApplication->run()
#22 {main}
REQUEST_URI=/tmcfront/tmc/index.php?r=pengaduan/view&id=PN-15%2F05%2F0001
HTTP_REFERER=http://localhost/tmcfront/tmc/index.php?r=pengaduan/view&id=PN-15%2F05%2F0001
---
