2015/05/05 14:11:19 [error] [php] Use of undefined constant home - assumed 'home' (C:\xampp\htdocs\tmcfront\themes\tmc\views\layouts\main.php:86)
Stack trace:
#0 C:\xampp\htdocs\yii\framework\web\widgets\CContentDecorator.php(76): SiteController->renderFile()
#1 C:\xampp\htdocs\yii\framework\web\widgets\CContentDecorator.php(54): CContentDecorator->decorate()
#2 C:\xampp\htdocs\yii\framework\web\widgets\COutputProcessor.php(44): CContentDecorator->processOutput()
#3 C:\xampp\htdocs\yii\framework\web\CBaseController.php(206): CContentDecorator->run()
#4 C:\xampp\htdocs\yii\framework\web\CBaseController.php(300): SiteController->endWidget()
#5 C:\xampp\htdocs\tmcfront\protected\views\layouts\column1.php(6): SiteController->endContent()
#6 C:\xampp\htdocs\yii\framework\web\CBaseController.php(126): require()
#7 C:\xampp\htdocs\yii\framework\web\CBaseController.php(95): SiteController->renderInternal()
#8 C:\xampp\htdocs\yii\framework\web\CController.php(784): SiteController->renderFile()
#9 C:\xampp\htdocs\tmcfront\protected\controllers\SiteController.php(32): SiteController->render()
#10 C:\xampp\htdocs\yii\framework\web\actions\CInlineAction.php(49): SiteController->actionIndex()
#11 C:\xampp\htdocs\yii\framework\web\CController.php(308): CInlineAction->runWithParams()
#12 C:\xampp\htdocs\yii\framework\web\CController.php(286): SiteController->runAction()
#13 C:\xampp\htdocs\yii\framework\web\CController.php(265): SiteController->runActionWithFilters()
#14 C:\xampp\htdocs\yii\framework\web\CWebApplication.php(282): SiteController->run()
#15 C:\xampp\htdocs\yii\framework\web\CWebApplication.php(141): CWebApplication->runController()
#16 C:\xampp\htdocs\yii\framework\base\CApplication.php(169): CWebApplication->processRequest()
#17 C:\xampp\htdocs\tmcfront\index.php(13): CWebApplication->run()
REQUEST_URI=/tmcfront/index.php?r=site/index&home=true
in C:\xampp\htdocs\tmcfront\themes\tmc\views\layouts\main.php (86)
in C:\xampp\htdocs\tmcfront\protected\views\layouts\column1.php (6)
in C:\xampp\htdocs\tmcfront\protected\controllers\SiteController.php (32)
2015/05/05 14:11:29 [error] [php] Undefined index: home (C:\xampp\htdocs\tmcfront\themes\tmc\views\layouts\main.php:86)
Stack trace:
#0 C:\xampp\htdocs\yii\framework\web\widgets\CContentDecorator.php(76): SiteController->renderFile()
#1 C:\xampp\htdocs\yii\framework\web\widgets\CContentDecorator.php(54): CContentDecorator->decorate()
#2 C:\xampp\htdocs\yii\framework\web\widgets\COutputProcessor.php(44): CContentDecorator->processOutput()
#3 C:\xampp\htdocs\yii\framework\web\CBaseController.php(206): CContentDecorator->run()
#4 C:\xampp\htdocs\yii\framework\web\CBaseController.php(300): SiteController->endWidget()
#5 C:\xampp\htdocs\tmcfront\protected\views\layouts\column1.php(6): SiteController->endContent()
#6 C:\xampp\htdocs\yii\framework\web\CBaseController.php(126): require()
#7 C:\xampp\htdocs\yii\framework\web\CBaseController.php(95): SiteController->renderInternal()
#8 C:\xampp\htdocs\yii\framework\web\CController.php(784): SiteController->renderFile()
#9 C:\xampp\htdocs\tmcfront\protected\controllers\SiteController.php(32): SiteController->render()
#10 C:\xampp\htdocs\yii\framework\web\actions\CInlineAction.php(49): SiteController->actionIndex()
#11 C:\xampp\htdocs\yii\framework\web\CController.php(308): CInlineAction->runWithParams()
#12 C:\xampp\htdocs\yii\framework\web\CController.php(286): SiteController->runAction()
#13 C:\xampp\htdocs\yii\framework\web\CController.php(265): SiteController->runActionWithFilters()
#14 C:\xampp\htdocs\yii\framework\web\CWebApplication.php(282): SiteController->run()
#15 C:\xampp\htdocs\yii\framework\web\CWebApplication.php(141): CWebApplication->runController()
#16 C:\xampp\htdocs\yii\framework\base\CApplication.php(169): CWebApplication->processRequest()
#17 C:\xampp\htdocs\tmcfront\index.php(13): CWebApplication->run()
REQUEST_URI=/tmcfront/index.php?r=site/index
in C:\xampp\htdocs\tmcfront\themes\tmc\views\layouts\main.php (86)
in C:\xampp\htdocs\tmcfront\protected\views\layouts\column1.php (6)
in C:\xampp\htdocs\tmcfront\protected\controllers\SiteController.php (32)
2015/05/05 14:22:51 [error] [system.db.CDbCommand] CDbCommand::fetchAll() failed: SQLSTATE[42S02]: Base table or view not found: 1146 Table 'pengaduan.jadwalsim' doesn't exist. The SQL statement executed was: SHOW FULL COLUMNS FROM `JadwalSim`.
in C:\xampp\htdocs\tmcfront\index.php (13)
2015/05/05 14:51:35 [error] [php] Trying to get property of non-object (C:\xampp\htdocs\tmcfront\protected\views\profilInstansi\_view.php:18)
Stack trace:
#0 C:\xampp\htdocs\yii\framework\zii\widgets\CListView.php(281): ProfilInstansiController->renderFile()
#1 C:\xampp\htdocs\yii\framework\zii\widgets\CBaseListView.php(160): CListView->renderItems()
#2 unknown(0): CListView->renderSection()
#3 C:\xampp\htdocs\yii\framework\zii\widgets\CBaseListView.php(143): preg_replace_callback()
#4 C:\xampp\htdocs\yii\framework\zii\widgets\CBaseListView.php(128): CListView->renderContent()
#5 C:\xampp\htdocs\yii\framework\web\CBaseController.php(173): CListView->run()
#6 C:\xampp\htdocs\tmcfront\protected\views\profilInstansi\index.php(16): ProfilInstansiController->widget()
#7 C:\xampp\htdocs\yii\framework\web\CBaseController.php(126): require()
#8 C:\xampp\htdocs\yii\framework\web\CBaseController.php(95): ProfilInstansiController->renderInternal()
#9 C:\xampp\htdocs\yii\framework\web\CController.php(869): ProfilInstansiController->renderFile()
#10 C:\xampp\htdocs\yii\framework\web\CController.php(782): ProfilInstansiController->renderPartial()
#11 C:\xampp\htdocs\tmcfront\protected\controllers\ProfilInstansiController.php(128): ProfilInstansiController->render()
#12 C:\xampp\htdocs\yii\framework\web\actions\CInlineAction.php(49): ProfilInstansiController->actionIndex()
#13 C:\xampp\htdocs\yii\framework\web\CController.php(308): CInlineAction->runWithParams()
#14 C:\xampp\htdocs\yii\framework\web\filters\CFilterChain.php(133): ProfilInstansiController->runAction()
#15 C:\xampp\htdocs\yii\framework\web\filters\CFilter.php(40): CFilterChain->run()
#16 C:\xampp\htdocs\yii\framework\web\CController.php(1145): CAccessControlFilter->filter()
#17 C:\xampp\htdocs\yii\framework\web\filters\CInlineFilter.php(58): ProfilInstansiController->filterAccessControl()
#18 C:\xampp\htdocs\yii\framework\web\filters\CFilterChain.php(130): CInlineFilter->filter()
#19 C:\xampp\htdocs\yii\framework\web\CController.php(291): CFilterChain->run()
#20 C:\xampp\htdocs\yii\framework\web\CController.php(265): ProfilInstansiController->runActionWithFilters()
#21 C:\xampp\htdocs\yii\framework\web\CWebApplication.php(282): ProfilInstansiController->run()
#22 C:\xampp\htdocs\yii\framework\web\CWebApplication.php(141): CWebApplication->runController()
#23 C:\xampp\htdocs\yii\framework\base\CApplication.php(169): CWebApplication->processRequest()
#24 C:\xampp\htdocs\tmcfront\index.php(13): CWebApplication->run()
REQUEST_URI=/tmcfront/index.php?r=profilInstansi/index
in C:\xampp\htdocs\tmcfront\protected\views\profilInstansi\_view.php (18)
in C:\xampp\htdocs\tmcfront\protected\views\profilInstansi\index.php (16)
in C:\xampp\htdocs\tmcfront\protected\controllers\ProfilInstansiController.php (128)
2015/05/19 13:04:00 [error] [exception.CException] exception 'CException' with message 'SiteController cannot find the requested view "site/index&home=true".' in C:\xampp\htdocs\yii\framework\web\CController.php:878
Stack trace:
#0 C:\xampp\htdocs\yii\framework\web\CController.php(782): CController->renderPartial('site/index&home...', NULL, true)
#1 C:\xampp\htdocs\tmcfront\protected\controllers\SiteController.php(32): CController->render('site/index&home...')
#2 C:\xampp\htdocs\yii\framework\web\actions\CInlineAction.php(49): SiteController->actionIndex()
#3 C:\xampp\htdocs\yii\framework\web\CController.php(308): CInlineAction->runWithParams(Array)
#4 C:\xampp\htdocs\yii\framework\web\CController.php(286): CController->runAction(Object(CInlineAction))
#5 C:\xampp\htdocs\yii\framework\web\CController.php(265): CController->runActionWithFilters(Object(CInlineAction), Array)
#6 C:\xampp\htdocs\yii\framework\web\CWebApplication.php(282): CController->run('')
#7 C:\xampp\htdocs\yii\framework\web\CWebApplication.php(141): CWebApplication->runController('')
#8 C:\xampp\htdocs\yii\framework\base\CApplication.php(169): CWebApplication->processRequest()
#9 C:\xampp\htdocs\tmcfront\index.php(13): CApplication->run()
#10 {main}
REQUEST_URI=/tmcfront/
---
2015/05/19 13:06:31 [error] [exception.CException] exception 'CException' with message 'SiteController cannot find the requested view "site/index&home=true".' in C:\xampp\htdocs\yii\framework\web\CController.php:878
Stack trace:
#0 C:\xampp\htdocs\yii\framework\web\CController.php(782): CController->renderPartial('site/index&home...', NULL, true)
#1 C:\xampp\htdocs\tmcfront\protected\controllers\SiteController.php(32): CController->render('site/index&home...')
#2 C:\xampp\htdocs\yii\framework\web\actions\CInlineAction.php(49): SiteController->actionIndex()
#3 C:\xampp\htdocs\yii\framework\web\CController.php(308): CInlineAction->runWithParams(Array)
#4 C:\xampp\htdocs\yii\framework\web\CController.php(286): CController->runAction(Object(CInlineAction))
#5 C:\xampp\htdocs\yii\framework\web\CController.php(265): CController->runActionWithFilters(Object(CInlineAction), Array)
#6 C:\xampp\htdocs\yii\framework\web\CWebApplication.php(282): CController->run('')
#7 C:\xampp\htdocs\yii\framework\web\CWebApplication.php(141): CWebApplication->runController('')
#8 C:\xampp\htdocs\yii\framework\base\CApplication.php(169): CWebApplication->processRequest()
#9 C:\xampp\htdocs\tmcfront\index.php(13): CApplication->run()
#10 {main}
REQUEST_URI=/tmcfront/
---
2015/05/19 13:07:29 [error] [exception.CException] exception 'CException' with message 'SiteController cannot find the requested view "index.php?r=site/index&home=true".' in C:\xampp\htdocs\yii\framework\web\CController.php:878
Stack trace:
#0 C:\xampp\htdocs\yii\framework\web\CController.php(782): CController->renderPartial('index.php?r=sit...', NULL, true)
#1 C:\xampp\htdocs\tmcfront\protected\controllers\SiteController.php(32): CController->render('index.php?r=sit...')
#2 C:\xampp\htdocs\yii\framework\web\actions\CInlineAction.php(49): SiteController->actionIndex()
#3 C:\xampp\htdocs\yii\framework\web\CController.php(308): CInlineAction->runWithParams(Array)
#4 C:\xampp\htdocs\yii\framework\web\CController.php(286): CController->runAction(Object(CInlineAction))
#5 C:\xampp\htdocs\yii\framework\web\CController.php(265): CController->runActionWithFilters(Object(CInlineAction), Array)
#6 C:\xampp\htdocs\yii\framework\web\CWebApplication.php(282): CController->run('')
#7 C:\xampp\htdocs\yii\framework\web\CWebApplication.php(141): CWebApplication->runController('')
#8 C:\xampp\htdocs\yii\framework\base\CApplication.php(169): CWebApplication->processRequest()
#9 C:\xampp\htdocs\tmcfront\index.php(13): CApplication->run()
#10 {main}
REQUEST_URI=/tmcfront/
---
2015/05/19 13:07:36 [error] [exception.CException] exception 'CException' with message 'SiteController cannot find the requested view "index.php?r=site/index".' in C:\xampp\htdocs\yii\framework\web\CController.php:878
Stack trace:
#0 C:\xampp\htdocs\yii\framework\web\CController.php(782): CController->renderPartial('index.php?r=sit...', NULL, true)
#1 C:\xampp\htdocs\tmcfront\protected\controllers\SiteController.php(32): CController->render('index.php?r=sit...')
#2 C:\xampp\htdocs\yii\framework\web\actions\CInlineAction.php(49): SiteController->actionIndex()
#3 C:\xampp\htdocs\yii\framework\web\CController.php(308): CInlineAction->runWithParams(Array)
#4 C:\xampp\htdocs\yii\framework\web\CController.php(286): CController->runAction(Object(CInlineAction))
#5 C:\xampp\htdocs\yii\framework\web\CController.php(265): CController->runActionWithFilters(Object(CInlineAction), Array)
#6 C:\xampp\htdocs\yii\framework\web\CWebApplication.php(282): CController->run('')
#7 C:\xampp\htdocs\yii\framework\web\CWebApplication.php(141): CWebApplication->runController('')
#8 C:\xampp\htdocs\yii\framework\base\CApplication.php(169): CWebApplication->processRequest()
#9 C:\xampp\htdocs\tmcfront\index.php(13): CApplication->run()
#10 {main}
REQUEST_URI=/tmcfront/
---
2015/05/19 13:07:46 [error] [exception.CException] exception 'CException' with message 'SiteController cannot find the requested view "index.php?r=site/index".' in C:\xampp\htdocs\yii\framework\web\CController.php:878
Stack trace:
#0 C:\xampp\htdocs\yii\framework\web\CController.php(782): CController->renderPartial('index.php?r=sit...', NULL, true)
#1 C:\xampp\htdocs\tmcfront\protected\controllers\SiteController.php(32): CController->render('index.php?r=sit...')
#2 C:\xampp\htdocs\yii\framework\web\actions\CInlineAction.php(49): SiteController->actionIndex()
#3 C:\xampp\htdocs\yii\framework\web\CController.php(308): CInlineAction->runWithParams(Array)
#4 C:\xampp\htdocs\yii\framework\web\CController.php(286): CController->runAction(Object(CInlineAction))
#5 C:\xampp\htdocs\yii\framework\web\CController.php(265): CController->runActionWithFilters(Object(CInlineAction), Array)
#6 C:\xampp\htdocs\yii\framework\web\CWebApplication.php(282): CController->run('')
#7 C:\xampp\htdocs\yii\framework\web\CWebApplication.php(141): CWebApplication->runController('')
#8 C:\xampp\htdocs\yii\framework\base\CApplication.php(169): CWebApplication->processRequest()
#9 C:\xampp\htdocs\tmcfront\index.php(13): CApplication->run()
#10 {main}
REQUEST_URI=/tmcfront/
---
2015/05/19 13:15:06 [error] [php] Undefined variable: content (C:\xampp\htdocs\tmcfront\themes\tmc\views\site\index.php:102)
Stack trace:
#0 C:\xampp\htdocs\yii\framework\web\CController.php(869): SiteController->renderFile()
#1 C:\xampp\htdocs\yii\framework\web\CController.php(782): SiteController->renderPartial()
#2 C:\xampp\htdocs\tmcfront\protected\controllers\SiteController.php(32): SiteController->render()
#3 C:\xampp\htdocs\yii\framework\web\actions\CInlineAction.php(49): SiteController->actionIndex()
#4 C:\xampp\htdocs\yii\framework\web\CController.php(308): CInlineAction->runWithParams()
#5 C:\xampp\htdocs\yii\framework\web\CController.php(286): SiteController->runAction()
#6 C:\xampp\htdocs\yii\framework\web\CController.php(265): SiteController->runActionWithFilters()
#7 C:\xampp\htdocs\yii\framework\web\CWebApplication.php(282): SiteController->run()
#8 C:\xampp\htdocs\yii\framework\web\CWebApplication.php(141): CWebApplication->runController()
#9 C:\xampp\htdocs\yii\framework\base\CApplication.php(169): CWebApplication->processRequest()
#10 C:\xampp\htdocs\tmcfront\index.php(13): CWebApplication->run()
REQUEST_URI=/tmcfront/
in C:\xampp\htdocs\tmcfront\themes\tmc\views\site\index.php (102)
in C:\xampp\htdocs\tmcfront\protected\controllers\SiteController.php (32)
in C:\xampp\htdocs\tmcfront\index.php (13)
2015/05/19 13:16:14 [error] [php] Undefined variable: content (C:\xampp\htdocs\tmcfront\themes\tmc\views\site\index.php:384)
Stack trace:
#0 C:\xampp\htdocs\yii\framework\web\CController.php(869): SiteController->renderFile()
#1 C:\xampp\htdocs\yii\framework\web\CController.php(782): SiteController->renderPartial()
#2 C:\xampp\htdocs\tmcfront\protected\controllers\SiteController.php(32): SiteController->render()
#3 C:\xampp\htdocs\yii\framework\web\actions\CInlineAction.php(49): SiteController->actionIndex()
#4 C:\xampp\htdocs\yii\framework\web\CController.php(308): CInlineAction->runWithParams()
#5 C:\xampp\htdocs\yii\framework\web\CController.php(286): SiteController->runAction()
#6 C:\xampp\htdocs\yii\framework\web\CController.php(265): SiteController->runActionWithFilters()
#7 C:\xampp\htdocs\yii\framework\web\CWebApplication.php(282): SiteController->run()
#8 C:\xampp\htdocs\yii\framework\web\CWebApplication.php(141): CWebApplication->runController()
#9 C:\xampp\htdocs\yii\framework\base\CApplication.php(169): CWebApplication->processRequest()
#10 C:\xampp\htdocs\tmcfront\index.php(13): CWebApplication->run()
REQUEST_URI=/tmcfront/
in C:\xampp\htdocs\tmcfront\themes\tmc\views\site\index.php (384)
in C:\xampp\htdocs\tmcfront\protected\controllers\SiteController.php (32)
in C:\xampp\htdocs\tmcfront\index.php (13)
2015/05/19 13:16:53 [error] [php] Undefined variable: content (C:\xampp\htdocs\tmcfront\themes\tmc\views\site\index.php:384)
Stack trace:
#0 C:\xampp\htdocs\yii\framework\web\CController.php(869): SiteController->renderFile()
#1 C:\xampp\htdocs\yii\framework\web\CController.php(782): SiteController->renderPartial()
#2 C:\xampp\htdocs\tmcfront\protected\controllers\SiteController.php(32): SiteController->render()
#3 C:\xampp\htdocs\yii\framework\web\actions\CInlineAction.php(49): SiteController->actionIndex()
#4 C:\xampp\htdocs\yii\framework\web\CController.php(308): CInlineAction->runWithParams()
#5 C:\xampp\htdocs\yii\framework\web\CController.php(286): SiteController->runAction()
#6 C:\xampp\htdocs\yii\framework\web\CController.php(265): SiteController->runActionWithFilters()
#7 C:\xampp\htdocs\yii\framework\web\CWebApplication.php(282): SiteController->run()
#8 C:\xampp\htdocs\yii\framework\web\CWebApplication.php(141): CWebApplication->runController()
#9 C:\xampp\htdocs\yii\framework\base\CApplication.php(169): CWebApplication->processRequest()
#10 C:\xampp\htdocs\tmcfront\index.php(13): CWebApplication->run()
REQUEST_URI=/tmcfront/
in C:\xampp\htdocs\tmcfront\themes\tmc\views\site\index.php (384)
in C:\xampp\htdocs\tmcfront\protected\controllers\SiteController.php (32)
in C:\xampp\htdocs\tmcfront\index.php (13)
2015/05/19 13:19:28 [error] [php] Undefined variable: content (C:\xampp\htdocs\tmcfront\themes\tmc\views\site\index.php:390)
Stack trace:
#0 C:\xampp\htdocs\yii\framework\web\CController.php(869): SiteController->renderFile()
#1 C:\xampp\htdocs\yii\framework\web\CController.php(782): SiteController->renderPartial()
#2 C:\xampp\htdocs\tmcfront\protected\controllers\SiteController.php(32): SiteController->render()
#3 C:\xampp\htdocs\yii\framework\web\actions\CInlineAction.php(49): SiteController->actionIndex()
#4 C:\xampp\htdocs\yii\framework\web\CController.php(308): CInlineAction->runWithParams()
#5 C:\xampp\htdocs\yii\framework\web\CController.php(286): SiteController->runAction()
#6 C:\xampp\htdocs\yii\framework\web\CController.php(265): SiteController->runActionWithFilters()
#7 C:\xampp\htdocs\yii\framework\web\CWebApplication.php(282): SiteController->run()
#8 C:\xampp\htdocs\yii\framework\web\CWebApplication.php(141): CWebApplication->runController()
#9 C:\xampp\htdocs\yii\framework\base\CApplication.php(169): CWebApplication->processRequest()
#10 C:\xampp\htdocs\tmcfront\index.php(13): CWebApplication->run()
REQUEST_URI=/tmcfront/index.php?r=site/index
in C:\xampp\htdocs\tmcfront\themes\tmc\views\site\index.php (390)
in C:\xampp\htdocs\tmcfront\protected\controllers\SiteController.php (32)
in C:\xampp\htdocs\tmcfront\index.php (13)
2015/05/19 13:27:15 [error] [php] Undefined variable: content (C:\xampp\htdocs\tmcfront\themes\tmc\views\site\index.php:43)
Stack trace:
#0 C:\xampp\htdocs\yii\framework\web\CController.php(869): SiteController->renderFile()
#1 C:\xampp\htdocs\yii\framework\web\CController.php(782): SiteController->renderPartial()
#2 C:\xampp\htdocs\tmcfront\protected\controllers\SiteController.php(32): SiteController->render()
#3 C:\xampp\htdocs\yii\framework\web\actions\CInlineAction.php(49): SiteController->actionIndex()
#4 C:\xampp\htdocs\yii\framework\web\CController.php(308): CInlineAction->runWithParams()
#5 C:\xampp\htdocs\yii\framework\web\CController.php(286): SiteController->runAction()
#6 C:\xampp\htdocs\yii\framework\web\CController.php(265): SiteController->runActionWithFilters()
#7 C:\xampp\htdocs\yii\framework\web\CWebApplication.php(282): SiteController->run()
#8 C:\xampp\htdocs\yii\framework\web\CWebApplication.php(141): CWebApplication->runController()
#9 C:\xampp\htdocs\yii\framework\base\CApplication.php(169): CWebApplication->processRequest()
#10 C:\xampp\htdocs\tmcfront\index.php(13): CWebApplication->run()
REQUEST_URI=/tmcfront/index.php?r=site/index
in C:\xampp\htdocs\tmcfront\themes\tmc\views\site\index.php (43)
in C:\xampp\htdocs\tmcfront\protected\controllers\SiteController.php (32)
in C:\xampp\htdocs\tmcfront\index.php (13)
2015/05/19 13:27:47 [error] [php] Undefined variable: content (C:\xampp\htdocs\tmcfront\themes\tmc\views\site\index.php:43)
Stack trace:
#0 C:\xampp\htdocs\yii\framework\web\CController.php(869): SiteController->renderFile()
#1 C:\xampp\htdocs\yii\framework\web\CController.php(782): SiteController->renderPartial()
#2 C:\xampp\htdocs\tmcfront\protected\controllers\SiteController.php(32): SiteController->render()
#3 C:\xampp\htdocs\yii\framework\web\actions\CInlineAction.php(49): SiteController->actionIndex()
#4 C:\xampp\htdocs\yii\framework\web\CController.php(308): CInlineAction->runWithParams()
#5 C:\xampp\htdocs\yii\framework\web\CController.php(286): SiteController->runAction()
#6 C:\xampp\htdocs\yii\framework\web\CController.php(265): SiteController->runActionWithFilters()
#7 C:\xampp\htdocs\yii\framework\web\CWebApplication.php(282): SiteController->run()
#8 C:\xampp\htdocs\yii\framework\web\CWebApplication.php(141): CWebApplication->runController()
#9 C:\xampp\htdocs\yii\framework\base\CApplication.php(169): CWebApplication->processRequest()
#10 C:\xampp\htdocs\tmcfront\index.php(13): CWebApplication->run()
REQUEST_URI=/tmcfront/
in C:\xampp\htdocs\tmcfront\themes\tmc\views\site\index.php (43)
in C:\xampp\htdocs\tmcfront\protected\controllers\SiteController.php (32)
in C:\xampp\htdocs\tmcfront\index.php (13)
2015/05/19 13:28:07 [error] [exception.CException] exception 'CException' with message 'SiteController cannot find the requested view "site/index".' in C:\xampp\htdocs\yii\framework\web\CController.php:878
Stack trace:
#0 C:\xampp\htdocs\yii\framework\web\CController.php(782): CController->renderPartial('site/index', NULL, true)
#1 C:\xampp\htdocs\tmcfront\protected\controllers\SiteController.php(32): CController->render('site/index')
#2 C:\xampp\htdocs\yii\framework\web\actions\CInlineAction.php(49): SiteController->actionIndex()
#3 C:\xampp\htdocs\yii\framework\web\CController.php(308): CInlineAction->runWithParams(Array)
#4 C:\xampp\htdocs\yii\framework\web\CController.php(286): CController->runAction(Object(CInlineAction))
#5 C:\xampp\htdocs\yii\framework\web\CController.php(265): CController->runActionWithFilters(Object(CInlineAction), Array)
#6 C:\xampp\htdocs\yii\framework\web\CWebApplication.php(282): CController->run('')
#7 C:\xampp\htdocs\yii\framework\web\CWebApplication.php(141): CWebApplication->runController('')
#8 C:\xampp\htdocs\yii\framework\base\CApplication.php(169): CWebApplication->processRequest()
#9 C:\xampp\htdocs\tmcfront\index.php(13): CApplication->run()
#10 {main}
REQUEST_URI=/tmcfront/
---
2015/05/19 13:29:46 [error] [php] Undefined variable: idlowongan (C:\xampp\htdocs\tmcfront\protected\controllers\SiteController.php:32)
Stack trace:
#0 C:\xampp\htdocs\yii\framework\web\CController.php(286): SiteController->runAction()
#1 C:\xampp\htdocs\yii\framework\web\CController.php(265): SiteController->runActionWithFilters()
#2 C:\xampp\htdocs\yii\framework\web\CWebApplication.php(282): SiteController->run()
#3 C:\xampp\htdocs\yii\framework\web\CWebApplication.php(141): CWebApplication->runController()
#4 C:\xampp\htdocs\yii\framework\base\CApplication.php(169): CWebApplication->processRequest()
#5 C:\xampp\htdocs\tmcfront\index.php(13): CWebApplication->run()
REQUEST_URI=/tmcfront/
in C:\xampp\htdocs\tmcfront\protected\controllers\SiteController.php (32)
in C:\xampp\htdocs\tmcfront\index.php (13)
<<<<<<< HEAD
2015/05/19 14:12:07 [error] [exception.CException] exception 'CException' with message 'CAssetManager.basePath "C:\xampp\htdocs\tmcfront\assets" is invalid. Please make sure the directory exists and is writable by the Web server process.' in C:\xampp\htdocs\yii\framework\web\CAssetManager.php:138
Stack trace:
#0 C:\xampp\htdocs\yii\framework\web\CAssetManager.php(123): CAssetManager->setBasePath('C:\\xampp\\htdocs...')
#1 C:\xampp\htdocs\yii\framework\web\CAssetManager.php(217): CAssetManager->getBasePath()
#2 C:\xampp\htdocs\yii\framework\zii\widgets\CListView.php(209): CAssetManager->publish('C:\\xampp\\htdocs...')
#3 C:\xampp\htdocs\yii\framework\web\CBaseController.php(147): CListView->init()
#4 C:\xampp\htdocs\yii\framework\web\CBaseController.php(172): CBaseController->createWidget('zii.widgets.CLi...', Array)
#5 C:\xampp\htdocs\tmcfront\protected\views\profilInstansi\index.php(17): CBaseController->widget('zii.widgets.CLi...', Array)
#6 C:\xampp\htdocs\yii\framework\web\CBaseController.php(126): require('C:\\xampp\\htdocs...')
#7 C:\xampp\htdocs\yii\framework\web\CBaseController.php(95): CBaseController->renderInternal('C:\\xampp\\htdocs...', Array, true)
#8 C:\xampp\htdocs\yii\framework\web\CController.php(869): CBaseController->renderFile('C:\\xampp\\htdocs...', Array, true)
#9 C:\xampp\htdocs\yii\framework\web\CController.php(782): CController->renderPartial('index', Array, true)
#10 C:\xampp\htdocs\tmcfront\protected\controllers\ProfilInstansiController.php(128): CController->render('index', Array)
#11 C:\xampp\htdocs\yii\framework\web\actions\CInlineAction.php(49): ProfilInstansiController->actionIndex()
=======
2015/05/18 19:59:39 [error] [exception.CException] exception 'CException' with message 'CActiveForm and its behaviors do not have a method or closure named "hideenField".' in C:\xampp\htdocs\yii\framework\base\CComponent.php:265
Stack trace:
#0 C:\xampp\htdocs\tmcfront\protected\views\pengaduan\_form.php(59): CComponent->__call('hideenField', Array)
#1 C:\xampp\htdocs\tmcfront\protected\views\pengaduan\_form.php(59): CActiveForm->hideenField(Object(Pengaduan), 'verifikasi', Array)
#2 C:\xampp\htdocs\yii\framework\web\CBaseController.php(126): require('C:\\xampp\\htdocs...')
#3 C:\xampp\htdocs\yii\framework\web\CBaseController.php(95): CBaseController->renderInternal('C:\\xampp\\htdocs...', Array, true)
#4 C:\xampp\htdocs\yii\framework\web\CController.php(869): CBaseController->renderFile('C:\\xampp\\htdocs...', Array, true)
#5 C:\xampp\htdocs\tmcfront\protected\views\pengaduan\create.php(13): CController->renderPartial('_form', Array)
#6 C:\xampp\htdocs\yii\framework\web\CBaseController.php(126): require('C:\\xampp\\htdocs...')
#7 C:\xampp\htdocs\yii\framework\web\CBaseController.php(95): CBaseController->renderInternal('C:\\xampp\\htdocs...', Array, true)
#8 C:\xampp\htdocs\yii\framework\web\CController.php(869): CBaseController->renderFile('C:\\xampp\\htdocs...', Array, true)
#9 C:\xampp\htdocs\yii\framework\web\CController.php(782): CController->renderPartial('create', Array, true)
#10 C:\xampp\htdocs\tmcfront\protected\controllers\PengaduanController.php(79): CController->render('create', Array)
#11 C:\xampp\htdocs\yii\framework\web\actions\CInlineAction.php(49): PengaduanController->actionCreate()
>>>>>>> origin/master
#12 C:\xampp\htdocs\yii\framework\web\CController.php(308): CInlineAction->runWithParams(Array)
#13 C:\xampp\htdocs\yii\framework\web\filters\CFilterChain.php(133): CController->runAction(Object(CInlineAction))
#14 C:\xampp\htdocs\yii\framework\web\filters\CFilter.php(40): CFilterChain->run()
#15 C:\xampp\htdocs\yii\framework\web\CController.php(1145): CFilter->filter(Object(CFilterChain))
#16 C:\xampp\htdocs\yii\framework\web\filters\CInlineFilter.php(58): CController->filterAccessControl(Object(CFilterChain))
#17 C:\xampp\htdocs\yii\framework\web\filters\CFilterChain.php(130): CInlineFilter->filter(Object(CFilterChain))
#18 C:\xampp\htdocs\yii\framework\web\CController.php(291): CFilterChain->run()
#19 C:\xampp\htdocs\yii\framework\web\CController.php(265): CController->runActionWithFilters(Object(CInlineAction), Array)
<<<<<<< HEAD
#20 C:\xampp\htdocs\yii\framework\web\CWebApplication.php(282): CController->run('index')
#21 C:\xampp\htdocs\yii\framework\web\CWebApplication.php(141): CWebApplication->runController('profilInstansi/...')
#22 C:\xampp\htdocs\yii\framework\base\CApplication.php(169): CWebApplication->processRequest()
#23 C:\xampp\htdocs\tmcfront\index.php(13): CApplication->run()
#24 {main}
REQUEST_URI=/tmcfront/index.php?r=profilInstansi/index
HTTP_REFERER=http://localhost/tmcfront/index.php
=======
#20 C:\xampp\htdocs\yii\framework\web\CWebApplication.php(282): CController->run('create')
#21 C:\xampp\htdocs\yii\framework\web\CWebApplication.php(141): CWebApplication->runController('pengaduan/creat...')
#22 C:\xampp\htdocs\yii\framework\base\CApplication.php(169): CWebApplication->processRequest()
#23 C:\xampp\htdocs\tmcfront\index.php(13): CApplication->run()
#24 {main}
REQUEST_URI=/tmcfront/index.php?r=pengaduan/create
HTTP_REFERER=http://localhost/tmcfront/
>>>>>>> origin/master
---
2015/05/19 17:34:17 [error] [php] Use of undefined constant mysql_fetch_object - assumed 'mysql_fetch_object' (C:\xampp\htdocs\tmcfront\themes\tmc\views\site\index.php:15)
Stack trace:
#0 C:\xampp\htdocs\yii\framework\web\CController.php(869): SiteController->renderFile()
#1 C:\xampp\htdocs\yii\framework\web\CController.php(782): SiteController->renderPartial()
#2 C:\xampp\htdocs\tmcfront\protected\controllers\SiteController.php(32): SiteController->render()
#3 C:\xampp\htdocs\yii\framework\web\actions\CInlineAction.php(49): SiteController->actionIndex()
#4 C:\xampp\htdocs\yii\framework\web\CController.php(308): CInlineAction->runWithParams()
#5 C:\xampp\htdocs\yii\framework\web\CController.php(286): SiteController->runAction()
#6 C:\xampp\htdocs\yii\framework\web\CController.php(265): SiteController->runActionWithFilters()
#7 C:\xampp\htdocs\yii\framework\web\CWebApplication.php(282): SiteController->run()
#8 C:\xampp\htdocs\yii\framework\web\CWebApplication.php(141): CWebApplication->runController()
#9 C:\xampp\htdocs\yii\framework\base\CApplication.php(169): CWebApplication->processRequest()
#10 C:\xampp\htdocs\tmcfront\index.php(13): CWebApplication->run()
REQUEST_URI=/tmcfront/index.php
in C:\xampp\htdocs\tmcfront\themes\tmc\views\site\index.php (15)
in C:\xampp\htdocs\tmcfront\protected\controllers\SiteController.php (32)
in C:\xampp\htdocs\tmcfront\index.php (13)
2015/05/19 17:34:31 [error] [php] mysql_fetch_object(): supplied argument is not a valid MySQL result resource (C:\xampp\htdocs\tmcfront\themes\tmc\views\site\index.php:15)
Stack trace:
#0 C:\xampp\htdocs\yii\framework\web\CBaseController.php(95): SiteController->renderInternal()
#1 C:\xampp\htdocs\yii\framework\web\CController.php(869): SiteController->renderFile()
#2 C:\xampp\htdocs\yii\framework\web\CController.php(782): SiteController->renderPartial()
#3 C:\xampp\htdocs\tmcfront\protected\controllers\SiteController.php(32): SiteController->render()
#4 C:\xampp\htdocs\yii\framework\web\actions\CInlineAction.php(49): SiteController->actionIndex()
#5 C:\xampp\htdocs\yii\framework\web\CController.php(308): CInlineAction->runWithParams()
#6 C:\xampp\htdocs\yii\framework\web\CController.php(286): SiteController->runAction()
#7 C:\xampp\htdocs\yii\framework\web\CController.php(265): SiteController->runActionWithFilters()
#8 C:\xampp\htdocs\yii\framework\web\CWebApplication.php(282): SiteController->run()
#9 C:\xampp\htdocs\yii\framework\web\CWebApplication.php(141): CWebApplication->runController()
#10 C:\xampp\htdocs\yii\framework\base\CApplication.php(169): CWebApplication->processRequest()
#11 C:\xampp\htdocs\tmcfront\index.php(13): CWebApplication->run()
REQUEST_URI=/tmcfront/index.php
in C:\xampp\htdocs\tmcfront\themes\tmc\views\site\index.php (15)
in C:\xampp\htdocs\tmcfront\protected\controllers\SiteController.php (32)
in C:\xampp\htdocs\tmcfront\index.php (13)
2015/05/19 17:51:40 [error] [php] mysql_fetch_object(): supplied argument is not a valid MySQL result resource (C:\xampp\htdocs\tmcfront\themes\tmc\views\layouts\main.php:172)
Stack trace:
#0 C:\xampp\htdocs\yii\framework\web\CBaseController.php(95): PengaduanController->renderInternal()
#1 C:\xampp\htdocs\yii\framework\web\widgets\CContentDecorator.php(76): PengaduanController->renderFile()
#2 C:\xampp\htdocs\yii\framework\web\widgets\CContentDecorator.php(54): CContentDecorator->decorate()
#3 C:\xampp\htdocs\yii\framework\web\widgets\COutputProcessor.php(44): CContentDecorator->processOutput()
#4 C:\xampp\htdocs\yii\framework\web\CBaseController.php(206): CContentDecorator->run()
#5 C:\xampp\htdocs\yii\framework\web\CBaseController.php(300): PengaduanController->endWidget()
#6 C:\xampp\htdocs\tmcfront\protected\views\layouts\column2.php(22): PengaduanController->endContent()
#7 C:\xampp\htdocs\yii\framework\web\CBaseController.php(126): require()
#8 C:\xampp\htdocs\yii\framework\web\CBaseController.php(95): PengaduanController->renderInternal()
#9 C:\xampp\htdocs\yii\framework\web\CController.php(784): PengaduanController->renderFile()
#10 C:\xampp\htdocs\tmcfront\protected\controllers\PengaduanController.php(79): PengaduanController->render()
#11 C:\xampp\htdocs\yii\framework\web\actions\CInlineAction.php(49): PengaduanController->actionCreate()
#12 C:\xampp\htdocs\yii\framework\web\CController.php(308): CInlineAction->runWithParams()
#13 C:\xampp\htdocs\yii\framework\web\filters\CFilterChain.php(133): PengaduanController->runAction()
#14 C:\xampp\htdocs\yii\framework\web\filters\CFilter.php(40): CFilterChain->run()
#15 C:\xampp\htdocs\yii\framework\web\CController.php(1145): CAccessControlFilter->filter()
#16 C:\xampp\htdocs\yii\framework\web\filters\CInlineFilter.php(58): PengaduanController->filterAccessControl()
#17 C:\xampp\htdocs\yii\framework\web\filters\CFilterChain.php(130): CInlineFilter->filter()
#18 C:\xampp\htdocs\yii\framework\web\CController.php(291): CFilterChain->run()
#19 C:\xampp\htdocs\yii\framework\web\CController.php(265): PengaduanController->runActionWithFilters()
#20 C:\xampp\htdocs\yii\framework\web\CWebApplication.php(282): PengaduanController->run()
#21 C:\xampp\htdocs\yii\framework\web\CWebApplication.php(141): CWebApplication->runController()
#22 C:\xampp\htdocs\yii\framework\base\CApplication.php(169): CWebApplication->processRequest()
#23 C:\xampp\htdocs\tmcfront\index.php(13): CWebApplication->run()
REQUEST_URI=/tmcfront/index.php?r=pengaduan/create
in C:\xampp\htdocs\tmcfront\themes\tmc\views\layouts\main.php (172)
in C:\xampp\htdocs\tmcfront\protected\views\layouts\column2.php (22)
in C:\xampp\htdocs\tmcfront\protected\controllers\PengaduanController.php (79)
<<<<<<< HEAD
2015/05/19 18:10:49 [error] [php] Undefined variable: getberitap (C:\xampp\htdocs\tmcfront\themes\tmc\views\site\index.php:20)
Stack trace:
#0 C:\xampp\htdocs\yii\framework\web\CController.php(869): SiteController->renderFile()
#1 C:\xampp\htdocs\yii\framework\web\CController.php(782): SiteController->renderPartial()
#2 C:\xampp\htdocs\tmcfront\protected\controllers\SiteController.php(32): SiteController->render()
#3 C:\xampp\htdocs\yii\framework\web\actions\CInlineAction.php(49): SiteController->actionIndex()
#4 C:\xampp\htdocs\yii\framework\web\CController.php(308): CInlineAction->runWithParams()
#5 C:\xampp\htdocs\yii\framework\web\CController.php(286): SiteController->runAction()
#6 C:\xampp\htdocs\yii\framework\web\CController.php(265): SiteController->runActionWithFilters()
#7 C:\xampp\htdocs\yii\framework\web\CWebApplication.php(282): SiteController->run()
#8 C:\xampp\htdocs\yii\framework\web\CWebApplication.php(141): CWebApplication->runController()
#9 C:\xampp\htdocs\yii\framework\base\CApplication.php(169): CWebApplication->processRequest()
#10 C:\xampp\htdocs\tmcfront\index.php(13): CWebApplication->run()
REQUEST_URI=/tmcfront/index.php
in C:\xampp\htdocs\tmcfront\themes\tmc\views\site\index.php (20)
in C:\xampp\htdocs\tmcfront\protected\controllers\SiteController.php (32)
in C:\xampp\htdocs\tmcfront\index.php (13)
=======
2015/05/19 00:13:25 [error] [exception.CException] exception 'CException' with message 'Property "JadwalSim.kode_jenis" is not defined.' in C:\xampp\htdocs\yii\framework\base\CComponent.php:130
Stack trace:
#0 C:\xampp\htdocs\yii\framework\db\ar\CActiveRecord.php(143): CComponent->__get('kode_jenis')
#1 C:\xampp\htdocs\yii\framework\base\CComponent.php(606) : eval()'d code(1): CActiveRecord->__get('kode_jenis')
#2 C:\xampp\htdocs\yii\framework\base\CComponent.php(606): eval()
#3 C:\xampp\htdocs\tmcfront\protected\extensions\bootstrap\widgets\TbButtonColumn.php(60): CComponent->evaluateExpression('Yii::app()->cre...', Array)
#4 C:\xampp\htdocs\yii\framework\zii\widgets\grid\CButtonColumn.php(295): TbButtonColumn->renderButton('view', Array, 0, Object(JadwalSim))
#5 C:\xampp\htdocs\yii\framework\zii\widgets\grid\CGridColumn.php(144): CButtonColumn->renderDataCellContent(0, Object(JadwalSim))
#6 C:\xampp\htdocs\yii\framework\zii\widgets\grid\CGridView.php(589): CGridColumn->renderDataCell(0)
#7 C:\xampp\htdocs\yii\framework\zii\widgets\grid\CGridView.php(545): CGridView->renderTableRow(0)
#8 C:\xampp\htdocs\yii\framework\zii\widgets\grid\CGridView.php(455): CGridView->renderTableBody()
#9 C:\xampp\htdocs\yii\framework\zii\widgets\CBaseListView.php(160): CGridView->renderItems()
#10 [internal function]: CBaseListView->renderSection(Array)
#11 C:\xampp\htdocs\yii\framework\zii\widgets\CBaseListView.php(143): preg_replace_callback('/{(\\w+)}/', Array, '{summary}\n{item...')
#12 C:\xampp\htdocs\yii\framework\zii\widgets\CBaseListView.php(128): CBaseListView->renderContent()
#13 C:\xampp\htdocs\yii\framework\web\CBaseController.php(173): CBaseListView->run()
#14 C:\xampp\htdocs\tmcfront\protected\views\jadwalSim\admin.php(56): CBaseController->widget('zii.widgets.gri...', Array)
#15 C:\xampp\htdocs\yii\framework\web\CBaseController.php(126): require('C:\\xampp\\htdocs...')
#16 C:\xampp\htdocs\yii\framework\web\CBaseController.php(95): CBaseController->renderInternal('C:\\xampp\\htdocs...', Array, true)
#17 C:\xampp\htdocs\yii\framework\web\CController.php(869): CBaseController->renderFile('C:\\xampp\\htdocs...', Array, true)
#18 C:\xampp\htdocs\yii\framework\web\CController.php(782): CController->renderPartial('admin', Array, true)
#19 C:\xampp\htdocs\tmcfront\protected\controllers\JadwalSimController.php(143): CController->render('admin', Array)
#20 C:\xampp\htdocs\yii\framework\web\actions\CInlineAction.php(49): JadwalSimController->actionAdmin()
#21 C:\xampp\htdocs\yii\framework\web\CController.php(308): CInlineAction->runWithParams(Array)
#22 C:\xampp\htdocs\yii\framework\web\filters\CFilterChain.php(133): CController->runAction(Object(CInlineAction))
#23 C:\xampp\htdocs\yii\framework\web\filters\CFilter.php(40): CFilterChain->run()
#24 C:\xampp\htdocs\yii\framework\web\CController.php(1145): CFilter->filter(Object(CFilterChain))
#25 C:\xampp\htdocs\yii\framework\web\filters\CInlineFilter.php(58): CController->filterAccessControl(Object(CFilterChain))
#26 C:\xampp\htdocs\yii\framework\web\filters\CFilterChain.php(130): CInlineFilter->filter(Object(CFilterChain))
#27 C:\xampp\htdocs\yii\framework\web\CController.php(291): CFilterChain->run()
#28 C:\xampp\htdocs\yii\framework\web\CController.php(265): CController->runActionWithFilters(Object(CInlineAction), Array)
#29 C:\xampp\htdocs\yii\framework\web\CWebApplication.php(282): CController->run('admin')
#30 C:\xampp\htdocs\yii\framework\web\CWebApplication.php(141): CWebApplication->runController('jadwalSim/admin')
#31 C:\xampp\htdocs\yii\framework\base\CApplication.php(169): CWebApplication->processRequest()
#32 C:\xampp\htdocs\tmcfront\index.php(13): CApplication->run()
#33 {main}
REQUEST_URI=/tmcfront/index.php?r=jadwalSim/admin
HTTP_REFERER=http://localhost/tmcfront/index.php?r=kontakInformasi/index
---
2015/05/19 00:14:45 [error] [exception.CException] exception 'CException' with message 'Alias "zii.widgets.TbButtonColumn" is invalid. Make sure it points to an existing PHP file and the file is readable.' in C:\xampp\htdocs\yii\framework\YiiBase.php:316
Stack trace:
#0 C:\xampp\htdocs\yii\framework\YiiBase.php(196): YiiBase::import('zii.widgets.TbB...', true)
#1 C:\xampp\htdocs\yii\framework\zii\widgets\grid\CGridView.php(363): YiiBase::createComponent(Array, Object(CGridView))
#2 C:\xampp\htdocs\yii\framework\zii\widgets\grid\CGridView.php(334): CGridView->initColumns()
#3 C:\xampp\htdocs\yii\framework\web\CBaseController.php(147): CGridView->init()
#4 C:\xampp\htdocs\yii\framework\web\CBaseController.php(172): CBaseController->createWidget('zii.widgets.gri...', Array)
#5 C:\xampp\htdocs\tmcfront\protected\views\jadwalSim\admin.php(56): CBaseController->widget('zii.widgets.gri...', Array)
#6 C:\xampp\htdocs\yii\framework\web\CBaseController.php(126): require('C:\\xampp\\htdocs...')
#7 C:\xampp\htdocs\yii\framework\web\CBaseController.php(95): CBaseController->renderInternal('C:\\xampp\\htdocs...', Array, true)
#8 C:\xampp\htdocs\yii\framework\web\CController.php(869): CBaseController->renderFile('C:\\xampp\\htdocs...', Array, true)
#9 C:\xampp\htdocs\yii\framework\web\CController.php(782): CController->renderPartial('admin', Array, true)
#10 C:\xampp\htdocs\tmcfront\protected\controllers\JadwalSimController.php(143): CController->render('admin', Array)
#11 C:\xampp\htdocs\yii\framework\web\actions\CInlineAction.php(49): JadwalSimController->actionAdmin()
#12 C:\xampp\htdocs\yii\framework\web\CController.php(308): CInlineAction->runWithParams(Array)
#13 C:\xampp\htdocs\yii\framework\web\filters\CFilterChain.php(133): CController->runAction(Object(CInlineAction))
#14 C:\xampp\htdocs\yii\framework\web\filters\CFilter.php(40): CFilterChain->run()
#15 C:\xampp\htdocs\yii\framework\web\CController.php(1145): CFilter->filter(Object(CFilterChain))
#16 C:\xampp\htdocs\yii\framework\web\filters\CInlineFilter.php(58): CController->filterAccessControl(Object(CFilterChain))
#17 C:\xampp\htdocs\yii\framework\web\filters\CFilterChain.php(130): CInlineFilter->filter(Object(CFilterChain))
#18 C:\xampp\htdocs\yii\framework\web\CController.php(291): CFilterChain->run()
#19 C:\xampp\htdocs\yii\framework\web\CController.php(265): CController->runActionWithFilters(Object(CInlineAction), Array)
#20 C:\xampp\htdocs\yii\framework\web\CWebApplication.php(282): CController->run('admin')
#21 C:\xampp\htdocs\yii\framework\web\CWebApplication.php(141): CWebApplication->runController('jadwalSim/admin')
#22 C:\xampp\htdocs\yii\framework\base\CApplication.php(169): CWebApplication->processRequest()
#23 C:\xampp\htdocs\tmcfront\index.php(13): CApplication->run()
#24 {main}
REQUEST_URI=/tmcfront/index.php?r=jadwalSim/admin
HTTP_REFERER=http://localhost/tmcfront/index.php?r=kontakInformasi/index
---
>>>>>>> origin/master
2015/05/20 09:33:30 [error] [php] Undefined property: stdClass::$foto (C:\xampp\htdocs\tmcfront\themes\tmc\views\site\index.php:20)
Stack trace:
#0 C:\xampp\htdocs\yii\framework\web\CController.php(869): SiteController->renderFile()
#1 C:\xampp\htdocs\yii\framework\web\CController.php(782): SiteController->renderPartial()
#2 C:\xampp\htdocs\tmcfront\protected\controllers\SiteController.php(32): SiteController->render()
#3 C:\xampp\htdocs\yii\framework\web\actions\CInlineAction.php(49): SiteController->actionIndex()
#4 C:\xampp\htdocs\yii\framework\web\CController.php(308): CInlineAction->runWithParams()
#5 C:\xampp\htdocs\yii\framework\web\CController.php(286): SiteController->runAction()
#6 C:\xampp\htdocs\yii\framework\web\CController.php(265): SiteController->runActionWithFilters()
#7 C:\xampp\htdocs\yii\framework\web\CWebApplication.php(282): SiteController->run()
#8 C:\xampp\htdocs\yii\framework\web\CWebApplication.php(141): CWebApplication->runController()
#9 C:\xampp\htdocs\yii\framework\base\CApplication.php(169): CWebApplication->processRequest()
#10 C:\xampp\htdocs\tmcfront\index.php(13): CWebApplication->run()
REQUEST_URI=/tmcfront/
in C:\xampp\htdocs\tmcfront\themes\tmc\views\site\index.php (20)
in C:\xampp\htdocs\tmcfront\protected\controllers\SiteController.php (32)
in C:\xampp\htdocs\tmcfront\index.php (13)
2015/05/20 16:47:45 [error] [php] Undefined variable: root (C:\xampp\htdocs\tmcfront\protected\views\berita\view.php:16)
Stack trace:
#0 C:\xampp\htdocs\yii\framework\web\CController.php(869): BeritaController->renderFile()
#1 C:\xampp\htdocs\yii\framework\web\CController.php(782): BeritaController->renderPartial()
#2 C:\xampp\htdocs\tmcfront\protected\controllers\BeritaController.php(56): BeritaController->render()
#3 unknown(0): BeritaController->actionView()
#4 C:\xampp\htdocs\yii\framework\web\actions\CAction.php(108): ReflectionMethod->invokeArgs()
#5 C:\xampp\htdocs\yii\framework\web\actions\CInlineAction.php(47): CInlineAction->runWithParamsInternal()
#6 C:\xampp\htdocs\yii\framework\web\CController.php(308): CInlineAction->runWithParams()
#7 C:\xampp\htdocs\yii\framework\web\filters\CFilterChain.php(133): BeritaController->runAction()
#8 C:\xampp\htdocs\yii\framework\web\filters\CFilter.php(40): CFilterChain->run()
#9 C:\xampp\htdocs\yii\framework\web\CController.php(1145): CAccessControlFilter->filter()
#10 C:\xampp\htdocs\yii\framework\web\filters\CInlineFilter.php(58): BeritaController->filterAccessControl()
#11 C:\xampp\htdocs\yii\framework\web\filters\CFilterChain.php(130): CInlineFilter->filter()
#12 C:\xampp\htdocs\yii\framework\web\CController.php(291): CFilterChain->run()
#13 C:\xampp\htdocs\yii\framework\web\CController.php(265): BeritaController->runActionWithFilters()
#14 C:\xampp\htdocs\yii\framework\web\CWebApplication.php(282): BeritaController->run()
#15 C:\xampp\htdocs\yii\framework\web\CWebApplication.php(141): CWebApplication->runController()
#16 C:\xampp\htdocs\yii\framework\base\CApplication.php(169): CWebApplication->processRequest()
#17 C:\xampp\htdocs\tmcfront\index.php(13): CWebApplication->run()
REQUEST_URI=/tmcfront/index.php?r=berita/view&id=17
in C:\xampp\htdocs\tmcfront\protected\views\berita\view.php (16)
in C:\xampp\htdocs\tmcfront\protected\controllers\BeritaController.php (56)
in C:\xampp\htdocs\tmcfront\index.php (13)
2015/05/20 16:50:14 [error] [php] mysql_fetch_object(): supplied argument is not a valid MySQL result resource (C:\xampp\htdocs\tmcfront\protected\views\berita\view.php:29)
Stack trace:
#0 C:\xampp\htdocs\yii\framework\web\CBaseController.php(95): BeritaController->renderInternal()
#1 C:\xampp\htdocs\yii\framework\web\CController.php(869): BeritaController->renderFile()
#2 C:\xampp\htdocs\yii\framework\web\CController.php(782): BeritaController->renderPartial()
#3 C:\xampp\htdocs\tmcfront\protected\controllers\BeritaController.php(56): BeritaController->render()
#4 unknown(0): BeritaController->actionView()
#5 C:\xampp\htdocs\yii\framework\web\actions\CAction.php(108): ReflectionMethod->invokeArgs()
#6 C:\xampp\htdocs\yii\framework\web\actions\CInlineAction.php(47): CInlineAction->runWithParamsInternal()
#7 C:\xampp\htdocs\yii\framework\web\CController.php(308): CInlineAction->runWithParams()
#8 C:\xampp\htdocs\yii\framework\web\filters\CFilterChain.php(133): BeritaController->runAction()
#9 C:\xampp\htdocs\yii\framework\web\filters\CFilter.php(40): CFilterChain->run()
#10 C:\xampp\htdocs\yii\framework\web\CController.php(1145): CAccessControlFilter->filter()
#11 C:\xampp\htdocs\yii\framework\web\filters\CInlineFilter.php(58): BeritaController->filterAccessControl()
#12 C:\xampp\htdocs\yii\framework\web\filters\CFilterChain.php(130): CInlineFilter->filter()
#13 C:\xampp\htdocs\yii\framework\web\CController.php(291): CFilterChain->run()
#14 C:\xampp\htdocs\yii\framework\web\CController.php(265): BeritaController->runActionWithFilters()
#15 C:\xampp\htdocs\yii\framework\web\CWebApplication.php(282): BeritaController->run()
#16 C:\xampp\htdocs\yii\framework\web\CWebApplication.php(141): CWebApplication->runController()
#17 C:\xampp\htdocs\yii\framework\base\CApplication.php(169): CWebApplication->processRequest()
#18 C:\xampp\htdocs\tmcfront\index.php(13): CWebApplication->run()
REQUEST_URI=/tmcfront/index.php?r=berita/view&id=17
in C:\xampp\htdocs\tmcfront\protected\views\berita\view.php (29)
in C:\xampp\htdocs\tmcfront\protected\controllers\BeritaController.php (56)
in C:\xampp\htdocs\tmcfront\index.php (13)
2015/05/20 16:51:32 [error] [php] Undefined variable: root (C:\xampp\htdocs\tmcfront\protected\views\berita\view.php:33)
Stack trace:
#0 C:\xampp\htdocs\yii\framework\web\CController.php(869): BeritaController->renderFile()
#1 C:\xampp\htdocs\yii\framework\web\CController.php(782): BeritaController->renderPartial()
#2 C:\xampp\htdocs\tmcfront\protected\controllers\BeritaController.php(56): BeritaController->render()
#3 unknown(0): BeritaController->actionView()
#4 C:\xampp\htdocs\yii\framework\web\actions\CAction.php(108): ReflectionMethod->invokeArgs()
#5 C:\xampp\htdocs\yii\framework\web\actions\CInlineAction.php(47): CInlineAction->runWithParamsInternal()
#6 C:\xampp\htdocs\yii\framework\web\CController.php(308): CInlineAction->runWithParams()
#7 C:\xampp\htdocs\yii\framework\web\filters\CFilterChain.php(133): BeritaController->runAction()
#8 C:\xampp\htdocs\yii\framework\web\filters\CFilter.php(40): CFilterChain->run()
#9 C:\xampp\htdocs\yii\framework\web\CController.php(1145): CAccessControlFilter->filter()
#10 C:\xampp\htdocs\yii\framework\web\filters\CInlineFilter.php(58): BeritaController->filterAccessControl()
#11 C:\xampp\htdocs\yii\framework\web\filters\CFilterChain.php(130): CInlineFilter->filter()
#12 C:\xampp\htdocs\yii\framework\web\CController.php(291): CFilterChain->run()
#13 C:\xampp\htdocs\yii\framework\web\CController.php(265): BeritaController->runActionWithFilters()
#14 C:\xampp\htdocs\yii\framework\web\CWebApplication.php(282): BeritaController->run()
#15 C:\xampp\htdocs\yii\framework\web\CWebApplication.php(141): CWebApplication->runController()
#16 C:\xampp\htdocs\yii\framework\base\CApplication.php(169): CWebApplication->processRequest()
#17 C:\xampp\htdocs\tmcfront\index.php(13): CWebApplication->run()
REQUEST_URI=/tmcfront/index.php?r=berita/view&id=17
in C:\xampp\htdocs\tmcfront\protected\views\berita\view.php (33)
in C:\xampp\htdocs\tmcfront\protected\controllers\BeritaController.php (56)
in C:\xampp\htdocs\tmcfront\index.php (13)
2015/05/20 16:52:11 [error] [php] Undefined variable: getberita (C:\xampp\htdocs\tmcfront\protected\views\berita\view.php:36)
Stack trace:
#0 C:\xampp\htdocs\yii\framework\web\CController.php(869): BeritaController->renderFile()
#1 C:\xampp\htdocs\yii\framework\web\CController.php(782): BeritaController->renderPartial()
#2 C:\xampp\htdocs\tmcfront\protected\controllers\BeritaController.php(56): BeritaController->render()
#3 unknown(0): BeritaController->actionView()
#4 C:\xampp\htdocs\yii\framework\web\actions\CAction.php(108): ReflectionMethod->invokeArgs()
#5 C:\xampp\htdocs\yii\framework\web\actions\CInlineAction.php(47): CInlineAction->runWithParamsInternal()
#6 C:\xampp\htdocs\yii\framework\web\CController.php(308): CInlineAction->runWithParams()
#7 C:\xampp\htdocs\yii\framework\web\filters\CFilterChain.php(133): BeritaController->runAction()
#8 C:\xampp\htdocs\yii\framework\web\filters\CFilter.php(40): CFilterChain->run()
#9 C:\xampp\htdocs\yii\framework\web\CController.php(1145): CAccessControlFilter->filter()
#10 C:\xampp\htdocs\yii\framework\web\filters\CInlineFilter.php(58): BeritaController->filterAccessControl()
#11 C:\xampp\htdocs\yii\framework\web\filters\CFilterChain.php(130): CInlineFilter->filter()
#12 C:\xampp\htdocs\yii\framework\web\CController.php(291): CFilterChain->run()
#13 C:\xampp\htdocs\yii\framework\web\CController.php(265): BeritaController->runActionWithFilters()
#14 C:\xampp\htdocs\yii\framework\web\CWebApplication.php(282): BeritaController->run()
#15 C:\xampp\htdocs\yii\framework\web\CWebApplication.php(141): CWebApplication->runController()
#16 C:\xampp\htdocs\yii\framework\base\CApplication.php(169): CWebApplication->processRequest()
#17 C:\xampp\htdocs\tmcfront\index.php(13): CWebApplication->run()
REQUEST_URI=/tmcfront/index.php?r=berita/view&id=17
in C:\xampp\htdocs\tmcfront\protected\views\berita\view.php (36)
in C:\xampp\htdocs\tmcfront\protected\controllers\BeritaController.php (56)
in C:\xampp\htdocs\tmcfront\index.php (13)
2015/05/20 16:52:32 [error] [php] Trying to get property of non-object (C:\xampp\htdocs\tmcfront\themes\tmc\views\site\index.php:46)
Stack trace:
#0 C:\xampp\htdocs\yii\framework\web\CController.php(869): SiteController->renderFile()
#1 C:\xampp\htdocs\yii\framework\web\CController.php(782): SiteController->renderPartial()
#2 C:\xampp\htdocs\tmcfront\protected\controllers\SiteController.php(32): SiteController->render()
#3 C:\xampp\htdocs\yii\framework\web\actions\CInlineAction.php(49): SiteController->actionIndex()
#4 C:\xampp\htdocs\yii\framework\web\CController.php(308): CInlineAction->runWithParams()
#5 C:\xampp\htdocs\yii\framework\web\CController.php(286): SiteController->runAction()
#6 C:\xampp\htdocs\yii\framework\web\CController.php(265): SiteController->runActionWithFilters()
#7 C:\xampp\htdocs\yii\framework\web\CWebApplication.php(282): SiteController->run()
#8 C:\xampp\htdocs\yii\framework\web\CWebApplication.php(141): CWebApplication->runController()
#9 C:\xampp\htdocs\yii\framework\base\CApplication.php(169): CWebApplication->processRequest()
#10 C:\xampp\htdocs\tmcfront\index.php(13): CWebApplication->run()
REQUEST_URI=/tmcfront/index.php
in C:\xampp\htdocs\tmcfront\themes\tmc\views\site\index.php (46)
in C:\xampp\htdocs\tmcfront\protected\controllers\SiteController.php (32)
in C:\xampp\htdocs\tmcfront\index.php (13)
2015/05/20 16:52:41 [error] [php] Trying to get property of non-object (C:\xampp\htdocs\tmcfront\themes\tmc\views\site\index.php:46)
Stack trace:
#0 C:\xampp\htdocs\yii\framework\web\CController.php(869): SiteController->renderFile()
#1 C:\xampp\htdocs\yii\framework\web\CController.php(782): SiteController->renderPartial()
#2 C:\xampp\htdocs\tmcfront\protected\controllers\SiteController.php(32): SiteController->render()
#3 C:\xampp\htdocs\yii\framework\web\actions\CInlineAction.php(49): SiteController->actionIndex()
#4 C:\xampp\htdocs\yii\framework\web\CController.php(308): CInlineAction->runWithParams()
#5 C:\xampp\htdocs\yii\framework\web\CController.php(286): SiteController->runAction()
#6 C:\xampp\htdocs\yii\framework\web\CController.php(265): SiteController->runActionWithFilters()
#7 C:\xampp\htdocs\yii\framework\web\CWebApplication.php(282): SiteController->run()
#8 C:\xampp\htdocs\yii\framework\web\CWebApplication.php(141): CWebApplication->runController()
#9 C:\xampp\htdocs\yii\framework\base\CApplication.php(169): CWebApplication->processRequest()
#10 C:\xampp\htdocs\tmcfront\index.php(13): CWebApplication->run()
REQUEST_URI=/tmcfront/index.php
in C:\xampp\htdocs\tmcfront\themes\tmc\views\site\index.php (46)
in C:\xampp\htdocs\tmcfront\protected\controllers\SiteController.php (32)
in C:\xampp\htdocs\tmcfront\index.php (13)
